mode: set
github.com/dpopsuev/parchment/artifact.go:139.45,140.64 1 1
github.com/dpopsuev/parchment/artifact.go:140.64,142.3 1 0
github.com/dpopsuev/parchment/artifact.go:143.2,143.54 1 1
github.com/dpopsuev/parchment/artifact.go:143.54,145.3 1 0
github.com/dpopsuev/parchment/artifact.go:146.2,146.60 1 1
github.com/dpopsuev/parchment/artifact.go:146.60,148.3 1 1
github.com/dpopsuev/parchment/artifact.go:149.2,149.40 1 1
github.com/dpopsuev/parchment/artifact.go:149.40,151.3 1 1
github.com/dpopsuev/parchment/artifact.go:152.2,152.23 1 1
github.com/dpopsuev/parchment/artifact.go:152.23,154.30 2 1
github.com/dpopsuev/parchment/artifact.go:154.30,155.22 1 1
github.com/dpopsuev/parchment/artifact.go:155.22,157.10 2 1
github.com/dpopsuev/parchment/artifact.go:160.3,160.13 1 1
github.com/dpopsuev/parchment/artifact.go:160.13,162.4 1 0
github.com/dpopsuev/parchment/artifact.go:163.8,163.50 1 1
github.com/dpopsuev/parchment/artifact.go:163.50,165.3 1 1
github.com/dpopsuev/parchment/artifact.go:166.2,166.46 1 1
github.com/dpopsuev/parchment/artifact.go:166.46,168.3 1 1
github.com/dpopsuev/parchment/artifact.go:169.2,169.46 1 1
github.com/dpopsuev/parchment/artifact.go:169.46,171.3 1 0
github.com/dpopsuev/parchment/artifact.go:172.2,172.46 1 1
github.com/dpopsuev/parchment/artifact.go:172.46,174.3 1 0
github.com/dpopsuev/parchment/artifact.go:175.2,175.27 1 1
github.com/dpopsuev/parchment/artifact.go:180.49,181.23 1 1
github.com/dpopsuev/parchment/artifact.go:181.23,182.33 1 0
github.com/dpopsuev/parchment/artifact.go:182.33,183.32 1 0
github.com/dpopsuev/parchment/artifact.go:183.32,185.5 1 0
github.com/dpopsuev/parchment/artifact.go:188.2,188.25 1 1
github.com/dpopsuev/parchment/artifact.go:188.25,190.35 2 0
github.com/dpopsuev/parchment/artifact.go:190.35,191.31 1 0
github.com/dpopsuev/parchment/artifact.go:191.31,193.10 2 0
github.com/dpopsuev/parchment/artifact.go:196.3,196.11 1 0
github.com/dpopsuev/parchment/artifact.go:196.11,198.4 1 0
github.com/dpopsuev/parchment/artifact.go:200.2,200.30 1 1
github.com/dpopsuev/parchment/artifact.go:200.30,201.40 1 0
github.com/dpopsuev/parchment/artifact.go:201.40,202.31 1 0
github.com/dpopsuev/parchment/artifact.go:202.31,204.5 1 0
github.com/dpopsuev/parchment/artifact.go:207.2,207.13 1 1
github.com/dpopsuev/parchment/artifact.go:212.62,213.31 1 0
github.com/dpopsuev/parchment/artifact.go:213.31,214.17 1 0
github.com/dpopsuev/parchment/artifact.go:214.17,216.4 1 0
github.com/dpopsuev/parchment/artifact.go:218.2,218.30 1 0
github.com/dpopsuev/parchment/artifact.go:218.30,219.46 1 0
github.com/dpopsuev/parchment/artifact.go:219.46,220.22 1 0
github.com/dpopsuev/parchment/artifact.go:220.22,222.5 1 0
github.com/dpopsuev/parchment/artifact.go:225.2,225.14 1 0
github.com/dpopsuev/parchment/artifact.go:229.46,231.2 1 1
github.com/dpopsuev/parchment/artifact.go:234.64,236.2 1 1
github.com/dpopsuev/parchment/artifact.go:240.40,242.2 1 0
github.com/dpopsuev/parchment/artifact.go:263.32,272.2 1 1
github.com/dpopsuev/parchment/artifact.go:283.58,285.15 2 1
github.com/dpopsuev/parchment/artifact.go:285.15,287.3 1 0
github.com/dpopsuev/parchment/artifact.go:288.2,289.33 2 1
github.com/dpopsuev/parchment/artifact.go:289.33,290.17 1 1
github.com/dpopsuev/parchment/artifact.go:291.16,292.39 1 1
github.com/dpopsuev/parchment/artifact.go:293.15,294.19 1 1
github.com/dpopsuev/parchment/artifact.go:294.19,296.5 1 0
github.com/dpopsuev/parchment/artifact.go:296.10,298.5 1 1
github.com/dpopsuev/parchment/artifact.go:299.15,300.47 1 0
github.com/dpopsuev/parchment/artifact.go:301.17,302.57 1 1
github.com/dpopsuev/parchment/artifact.go:305.2,305.33 1 1
github.com/dpopsuev/parchment/artifact.go:310.50,312.15 2 1
github.com/dpopsuev/parchment/artifact.go:312.15,314.3 1 0
github.com/dpopsuev/parchment/artifact.go:315.2,316.33 2 1
github.com/dpopsuev/parchment/artifact.go:316.33,317.17 1 1
github.com/dpopsuev/parchment/artifact.go:318.16,319.39 1 1
github.com/dpopsuev/parchment/artifact.go:320.15,321.19 1 1
github.com/dpopsuev/parchment/artifact.go:321.19,323.5 1 0
github.com/dpopsuev/parchment/artifact.go:323.10,325.5 1 1
github.com/dpopsuev/parchment/artifact.go:326.15,327.47 1 0
github.com/dpopsuev/parchment/artifact.go:330.2,330.33 1 1
github.com/dpopsuev/parchment/artifact.go:333.39,335.16 2 0
github.com/dpopsuev/parchment/artifact.go:336.19,337.30 1 0
github.com/dpopsuev/parchment/artifact.go:338.14,339.32 1 0
github.com/dpopsuev/parchment/artifact.go:340.10,341.39 1 0
github.com/dpopsuev/parchment/artifact.go:345.48,346.15 1 1
github.com/dpopsuev/parchment/artifact.go:346.15,348.3 1 0
github.com/dpopsuev/parchment/artifact.go:349.2,349.31 1 1
github.com/dpopsuev/parchment/capsule.go:24.110,32.16 6 0
github.com/dpopsuev/parchment/capsule.go:32.16,34.3 1 0
github.com/dpopsuev/parchment/capsule.go:35.2,36.27 2 0
github.com/dpopsuev/parchment/capsule.go:36.27,40.3 3 0
github.com/dpopsuev/parchment/capsule.go:41.2,41.68 1 0
github.com/dpopsuev/parchment/capsule.go:41.68,43.3 1 0
github.com/dpopsuev/parchment/capsule.go:46.2,48.27 3 0
github.com/dpopsuev/parchment/capsule.go:48.27,50.27 2 0
github.com/dpopsuev/parchment/capsule.go:50.27,51.24 1 0
github.com/dpopsuev/parchment/capsule.go:51.24,56.5 4 0
github.com/dpopsuev/parchment/capsule.go:59.2,59.65 1 0
github.com/dpopsuev/parchment/capsule.go:59.65,61.3 1 0
github.com/dpopsuev/parchment/capsule.go:64.2,71.71 3 0
github.com/dpopsuev/parchment/capsule.go:71.71,73.3 1 0
github.com/dpopsuev/parchment/capsule.go:75.2,75.22 1 0
github.com/dpopsuev/parchment/capsule.go:80.94,82.16 2 0
github.com/dpopsuev/parchment/capsule.go:82.16,84.3 1 0
github.com/dpopsuev/parchment/capsule.go:85.2,91.6 5 0
github.com/dpopsuev/parchment/capsule.go:91.6,93.20 2 0
github.com/dpopsuev/parchment/capsule.go:93.20,94.9 1 0
github.com/dpopsuev/parchment/capsule.go:96.3,96.17 1 0
github.com/dpopsuev/parchment/capsule.go:96.17,98.4 1 0
github.com/dpopsuev/parchment/capsule.go:99.3,100.17 2 0
github.com/dpopsuev/parchment/capsule.go:100.17,102.4 1 0
github.com/dpopsuev/parchment/capsule.go:103.3,103.19 1 0
github.com/dpopsuev/parchment/capsule.go:104.24,106.57 2 0
github.com/dpopsuev/parchment/capsule.go:106.57,108.5 1 0
github.com/dpopsuev/parchment/capsule.go:109.26,110.19 1 0
github.com/dpopsuev/parchment/capsule.go:111.22,112.20 1 0
github.com/dpopsuev/parchment/capsule.go:116.2,116.21 1 0
github.com/dpopsuev/parchment/capsule.go:116.21,118.3 1 0
github.com/dpopsuev/parchment/capsule.go:121.2,122.17 2 0
github.com/dpopsuev/parchment/capsule.go:122.17,124.42 2 0
github.com/dpopsuev/parchment/capsule.go:124.42,126.4 1 0
github.com/dpopsuev/parchment/capsule.go:127.3,127.48 1 0
github.com/dpopsuev/parchment/capsule.go:127.48,129.4 1 0
github.com/dpopsuev/parchment/capsule.go:133.2,133.24 1 0
github.com/dpopsuev/parchment/capsule.go:133.24,135.18 2 0
github.com/dpopsuev/parchment/capsule.go:135.18,137.41 2 0
github.com/dpopsuev/parchment/capsule.go:137.41,139.5 1 0
github.com/dpopsuev/parchment/capsule.go:140.4,140.27 1 0
github.com/dpopsuev/parchment/capsule.go:144.2,144.22 1 0
github.com/dpopsuev/parchment/capsule.go:148.60,150.16 2 0
github.com/dpopsuev/parchment/capsule.go:150.16,152.3 1 0
github.com/dpopsuev/parchment/capsule.go:153.2,156.6 3 0
github.com/dpopsuev/parchment/capsule.go:156.6,158.20 2 0
github.com/dpopsuev/parchment/capsule.go:158.20,159.9 1 0
github.com/dpopsuev/parchment/capsule.go:161.3,161.17 1 0
github.com/dpopsuev/parchment/capsule.go:161.17,163.4 1 0
github.com/dpopsuev/parchment/capsule.go:164.3,164.34 1 0
github.com/dpopsuev/parchment/capsule.go:164.34,166.18 2 0
github.com/dpopsuev/parchment/capsule.go:166.18,168.5 1 0
github.com/dpopsuev/parchment/capsule.go:169.4,170.51 2 0
github.com/dpopsuev/parchment/capsule.go:170.51,172.5 1 0
github.com/dpopsuev/parchment/capsule.go:173.4,173.18 1 0
github.com/dpopsuev/parchment/capsule.go:176.2,176.62 1 0
github.com/dpopsuev/parchment/capsule.go:179.66,186.44 2 0
github.com/dpopsuev/parchment/capsule.go:186.44,188.3 1 0
github.com/dpopsuev/parchment/capsule.go:189.2,190.12 2 0
github.com/dpopsuev/parchment/keygen.go:20.62,22.26 2 1
github.com/dpopsuev/parchment/keygen.go:22.26,24.3 1 1
github.com/dpopsuev/parchment/keygen.go:26.2,29.53 3 1
github.com/dpopsuev/parchment/keygen.go:29.53,31.21 2 1
github.com/dpopsuev/parchment/keygen.go:31.21,33.4 1 1
github.com/dpopsuev/parchment/keygen.go:36.2,36.36 1 1
github.com/dpopsuev/parchment/keygen.go:36.36,38.21 2 1
github.com/dpopsuev/parchment/keygen.go:38.21,40.4 1 1
github.com/dpopsuev/parchment/keygen.go:43.2,43.24 1 0
github.com/dpopsuev/parchment/keygen.go:51.51,53.21 2 1
github.com/dpopsuev/parchment/keygen.go:53.21,55.3 1 0
github.com/dpopsuev/parchment/keygen.go:57.2,62.47 5 1
github.com/dpopsuev/parchment/keygen.go:62.47,63.24 1 1
github.com/dpopsuev/parchment/keygen.go:63.24,66.4 2 1
github.com/dpopsuev/parchment/keygen.go:69.2,69.47 1 1
github.com/dpopsuev/parchment/keygen.go:69.47,70.19 1 1
github.com/dpopsuev/parchment/keygen.go:70.19,73.4 2 1
github.com/dpopsuev/parchment/keygen.go:76.2,77.26 2 1
github.com/dpopsuev/parchment/keygen.go:77.26,78.18 1 1
github.com/dpopsuev/parchment/keygen.go:78.18,80.4 1 1
github.com/dpopsuev/parchment/keygen.go:83.2,83.22 1 1
github.com/dpopsuev/parchment/keygen.go:83.22,85.3 1 1
github.com/dpopsuev/parchment/keygen.go:87.2,87.27 1 1
github.com/dpopsuev/parchment/keygen.go:90.31,92.39 2 1
github.com/dpopsuev/parchment/keygen.go:92.39,93.26 1 1
github.com/dpopsuev/parchment/keygen.go:93.26,95.4 1 1
github.com/dpopsuev/parchment/keygen.go:97.2,97.19 1 1
github.com/dpopsuev/parchment/keygen.go:101.28,108.2 6 1
github.com/dpopsuev/parchment/keygen.go:111.34,112.18 1 1
github.com/dpopsuev/parchment/keygen.go:112.18,114.3 1 1
github.com/dpopsuev/parchment/keygen.go:115.2,115.22 1 1
github.com/dpopsuev/parchment/keygen.go:115.22,116.12 1 1
github.com/dpopsuev/parchment/keygen.go:117.22,118.16 1 1
github.com/dpopsuev/parchment/keygen.go:118.16,120.5 1 0
github.com/dpopsuev/parchment/keygen.go:121.11,122.76 1 1
github.com/dpopsuev/parchment/keygen.go:122.76,124.5 1 1
github.com/dpopsuev/parchment/keygen.go:127.2,127.13 1 1
github.com/dpopsuev/parchment/keygen.go:130.48,132.25 2 1
github.com/dpopsuev/parchment/keygen.go:132.25,134.3 1 1
github.com/dpopsuev/parchment/keygen.go:135.2,137.27 3 1
github.com/dpopsuev/parchment/keygen.go:137.27,138.30 1 1
github.com/dpopsuev/parchment/keygen.go:138.30,141.4 2 1
github.com/dpopsuev/parchment/keygen.go:143.2,143.15 1 1
github.com/dpopsuev/parchment/memstore.go:36.36,45.2 1 1
github.com/dpopsuev/parchment/memstore.go:47.43,47.81 1 1
github.com/dpopsuev/parchment/memstore.go:51.67,56.85 3 1
github.com/dpopsuev/parchment/memstore.go:56.85,58.3 1 1
github.com/dpopsuev/parchment/memstore.go:59.2,59.21 1 1
github.com/dpopsuev/parchment/memstore.go:59.21,61.3 1 1
github.com/dpopsuev/parchment/memstore.go:64.2,64.22 1 1
github.com/dpopsuev/parchment/memstore.go:64.22,66.3 1 1
github.com/dpopsuev/parchment/memstore.go:68.2,68.36 1 1
github.com/dpopsuev/parchment/memstore.go:68.36,70.3 1 1
github.com/dpopsuev/parchment/memstore.go:72.2,74.12 3 1
github.com/dpopsuev/parchment/memstore.go:78.86,82.9 4 1
github.com/dpopsuev/parchment/memstore.go:82.9,84.3 1 1
github.com/dpopsuev/parchment/memstore.go:85.2,86.9 2 1
github.com/dpopsuev/parchment/memstore.go:86.9,88.3 1 0
github.com/dpopsuev/parchment/memstore.go:89.2,90.20 2 1
github.com/dpopsuev/parchment/memstore.go:93.76,97.9 4 1
github.com/dpopsuev/parchment/memstore.go:97.9,99.3 1 1
github.com/dpopsuev/parchment/memstore.go:100.2,101.20 2 1
github.com/dpopsuev/parchment/memstore.go:104.66,107.35 3 1
github.com/dpopsuev/parchment/memstore.go:107.35,109.3 1 1
github.com/dpopsuev/parchment/memstore.go:110.2,112.28 2 1
github.com/dpopsuev/parchment/memstore.go:112.28,113.33 1 0
github.com/dpopsuev/parchment/memstore.go:113.33,115.4 1 0
github.com/dpopsuev/parchment/memstore.go:117.2,117.12 1 1
github.com/dpopsuev/parchment/memstore.go:120.78,124.34 4 1
github.com/dpopsuev/parchment/memstore.go:124.34,125.21 1 1
github.com/dpopsuev/parchment/memstore.go:125.21,128.4 2 1
github.com/dpopsuev/parchment/memstore.go:130.2,130.41 1 1
github.com/dpopsuev/parchment/memstore.go:130.41,130.79 1 1
github.com/dpopsuev/parchment/memstore.go:131.2,131.20 1 1
github.com/dpopsuev/parchment/memstore.go:134.89,138.34 4 1
github.com/dpopsuev/parchment/memstore.go:138.34,139.29 1 1
github.com/dpopsuev/parchment/memstore.go:139.29,142.4 2 1
github.com/dpopsuev/parchment/memstore.go:144.2,144.20 1 1
github.com/dpopsuev/parchment/memstore.go:147.81,152.34 5 1
github.com/dpopsuev/parchment/memstore.go:152.34,155.53 1 1
github.com/dpopsuev/parchment/memstore.go:155.53,157.4 1 1
github.com/dpopsuev/parchment/memstore.go:159.2,160.17 2 1
github.com/dpopsuev/parchment/memstore.go:165.64,170.2 4 1
github.com/dpopsuev/parchment/memstore.go:172.67,177.2 4 1
github.com/dpopsuev/parchment/memstore.go:179.99,183.28 4 1
github.com/dpopsuev/parchment/memstore.go:183.28,184.37 1 1
github.com/dpopsuev/parchment/memstore.go:184.37,185.12 1 1
github.com/dpopsuev/parchment/memstore.go:187.3,187.14 1 1
github.com/dpopsuev/parchment/memstore.go:188.17,189.20 1 1
github.com/dpopsuev/parchment/memstore.go:189.20,191.5 1 1
github.com/dpopsuev/parchment/memstore.go:192.17,193.18 1 1
github.com/dpopsuev/parchment/memstore.go:193.18,195.5 1 1
github.com/dpopsuev/parchment/memstore.go:196.13,197.34 1 1
github.com/dpopsuev/parchment/memstore.go:197.34,199.5 1 1
github.com/dpopsuev/parchment/memstore.go:202.2,202.20 1 1
github.com/dpopsuev/parchment/memstore.go:205.111,212.2 5 1
github.com/dpopsuev/parchment/memstore.go:214.125,215.39 1 1
github.com/dpopsuev/parchment/memstore.go:215.39,217.3 1 0
github.com/dpopsuev/parchment/memstore.go:218.2,218.28 1 1
github.com/dpopsuev/parchment/memstore.go:218.28,219.37 1 1
github.com/dpopsuev/parchment/memstore.go:219.37,220.12 1 1
github.com/dpopsuev/parchment/memstore.go:222.3,223.14 2 1
github.com/dpopsuev/parchment/memstore.go:224.17,225.20 1 1
github.com/dpopsuev/parchment/memstore.go:225.20,226.13 1 1
github.com/dpopsuev/parchment/memstore.go:228.4,228.19 1 1
github.com/dpopsuev/parchment/memstore.go:229.17,230.18 1 1
github.com/dpopsuev/parchment/memstore.go:230.18,231.13 1 1
github.com/dpopsuev/parchment/memstore.go:233.4,233.21 1 1
github.com/dpopsuev/parchment/memstore.go:234.11,235.11 1 0
github.com/dpopsuev/parchment/memstore.go:236.22,237.20 1 0
github.com/dpopsuev/parchment/memstore.go:238.20,239.22 1 0
github.com/dpopsuev/parchment/memstore.go:240.12,241.13 1 0
github.com/dpopsuev/parchment/memstore.go:244.3,244.24 1 1
github.com/dpopsuev/parchment/memstore.go:244.24,245.12 1 0
github.com/dpopsuev/parchment/memstore.go:247.3,248.22 2 1
github.com/dpopsuev/parchment/memstore.go:248.22,250.4 1 1
github.com/dpopsuev/parchment/memstore.go:251.3,251.70 1 1
github.com/dpopsuev/parchment/memstore.go:257.80,262.2 4 1
github.com/dpopsuev/parchment/memstore.go:264.100,269.22 5 0
github.com/dpopsuev/parchment/memstore.go:269.22,271.3 1 0
github.com/dpopsuev/parchment/memstore.go:272.2,272.12 1 0
github.com/dpopsuev/parchment/memstore.go:275.98,281.2 5 1
github.com/dpopsuev/parchment/memstore.go:285.101,289.6 4 1
github.com/dpopsuev/parchment/memstore.go:289.6,292.47 3 1
github.com/dpopsuev/parchment/memstore.go:292.47,294.4 1 1
github.com/dpopsuev/parchment/memstore.go:298.77,303.2 4 1
github.com/dpopsuev/parchment/memstore.go:307.103,311.9 4 1
github.com/dpopsuev/parchment/memstore.go:311.9,313.3 1 1
github.com/dpopsuev/parchment/memstore.go:314.2,314.35 1 1
github.com/dpopsuev/parchment/memstore.go:317.90,322.2 4 1
github.com/dpopsuev/parchment/memstore.go:324.83,328.40 4 1
github.com/dpopsuev/parchment/memstore.go:328.40,330.3 1 1
github.com/dpopsuev/parchment/memstore.go:331.2,331.20 1 1
github.com/dpopsuev/parchment/memstore.go:334.94,339.2 4 1
github.com/dpopsuev/parchment/memstore.go:341.89,345.2 3 1
github.com/dpopsuev/parchment/memstore.go:347.88,351.43 4 0
github.com/dpopsuev/parchment/memstore.go:351.43,352.28 1 0
github.com/dpopsuev/parchment/memstore.go:352.28,353.18 1 0
github.com/dpopsuev/parchment/memstore.go:353.18,355.10 2 0
github.com/dpopsuev/parchment/memstore.go:359.2,359.20 1 0
github.com/dpopsuev/parchment/memstore.go:362.77,366.40 4 1
github.com/dpopsuev/parchment/memstore.go:366.40,368.3 1 1
github.com/dpopsuev/parchment/memstore.go:369.2,369.20 1 1
github.com/dpopsuev/parchment/memstore.go:372.37,372.51 1 0
github.com/dpopsuev/parchment/memstore.go:385.47,388.32 3 1
github.com/dpopsuev/parchment/memstore.go:388.32,391.3 2 1
github.com/dpopsuev/parchment/memstore.go:392.2,393.28 2 1
github.com/dpopsuev/parchment/memstore.go:393.28,395.3 1 1
github.com/dpopsuev/parchment/memstore.go:396.2,403.40 2 1
github.com/dpopsuev/parchment/memstore.go:403.40,405.3 1 1
github.com/dpopsuev/parchment/memstore.go:406.2,409.16 3 1
github.com/dpopsuev/parchment/memstore.go:409.16,411.3 1 0
github.com/dpopsuev/parchment/memstore.go:413.2,414.48 2 1
github.com/dpopsuev/parchment/memstore.go:414.48,416.3 1 0
github.com/dpopsuev/parchment/memstore.go:418.2,419.54 2 1
github.com/dpopsuev/parchment/memstore.go:419.54,421.3 1 0
github.com/dpopsuev/parchment/memstore.go:422.2,422.45 1 1
github.com/dpopsuev/parchment/memstore.go:422.45,425.3 2 0
github.com/dpopsuev/parchment/memstore.go:426.2,426.12 1 1
github.com/dpopsuev/parchment/memstore.go:430.47,432.16 2 1
github.com/dpopsuev/parchment/memstore.go:432.16,434.3 1 0
github.com/dpopsuev/parchment/memstore.go:436.2,437.53 2 1
github.com/dpopsuev/parchment/memstore.go:437.53,439.3 1 0
github.com/dpopsuev/parchment/memstore.go:441.2,445.36 4 1
github.com/dpopsuev/parchment/memstore.go:445.36,447.3 1 1
github.com/dpopsuev/parchment/memstore.go:448.2,449.32 2 1
github.com/dpopsuev/parchment/memstore.go:449.32,451.3 1 1
github.com/dpopsuev/parchment/memstore.go:452.2,453.24 2 1
github.com/dpopsuev/parchment/memstore.go:453.24,455.3 1 0
github.com/dpopsuev/parchment/memstore.go:456.2,457.42 2 1
github.com/dpopsuev/parchment/memstore.go:457.42,459.3 1 1
github.com/dpopsuev/parchment/memstore.go:460.2,461.26 2 1
github.com/dpopsuev/parchment/memstore.go:461.26,463.3 1 1
github.com/dpopsuev/parchment/memstore.go:464.2,464.12 1 1
github.com/dpopsuev/parchment/migrate_uuid.go:29.73,30.61 1 1
github.com/dpopsuev/parchment/migrate_uuid.go:30.61,32.3 1 1
github.com/dpopsuev/parchment/migrate_uuid.go:34.2,36.16 2 1
github.com/dpopsuev/parchment/migrate_uuid.go:36.16,38.3 1 0
github.com/dpopsuev/parchment/migrate_uuid.go:39.2,45.16 5 1
github.com/dpopsuev/parchment/migrate_uuid.go:45.16,47.3 1 0
github.com/dpopsuev/parchment/migrate_uuid.go:49.2,50.26 2 1
github.com/dpopsuev/parchment/migrate_uuid.go:50.26,53.3 2 1
github.com/dpopsuev/parchment/migrate_uuid.go:55.2,55.66 1 1
github.com/dpopsuev/parchment/migrate_uuid.go:55.66,57.3 1 0
github.com/dpopsuev/parchment/migrate_uuid.go:60.2,61.77 1 1
github.com/dpopsuev/parchment/migrate_uuid.go:61.77,63.3 1 0
github.com/dpopsuev/parchment/migrate_uuid.go:65.2,65.20 1 1
github.com/dpopsuev/parchment/migrate_uuid.go:69.60,71.25 2 1
github.com/dpopsuev/parchment/migrate_uuid.go:71.25,72.25 1 1
github.com/dpopsuev/parchment/migrate_uuid.go:72.25,75.12 3 1
github.com/dpopsuev/parchment/migrate_uuid.go:77.3,78.20 2 1
github.com/dpopsuev/parchment/migrate_uuid.go:80.2,80.15 1 1
github.com/dpopsuev/parchment/migrate_uuid.go:85.105,87.16 2 1
github.com/dpopsuev/parchment/migrate_uuid.go:87.16,89.3 1 0
github.com/dpopsuev/parchment/migrate_uuid.go:90.2,92.63 2 1
github.com/dpopsuev/parchment/migrate_uuid.go:92.63,94.3 1 0
github.com/dpopsuev/parchment/migrate_uuid.go:95.2,95.58 1 1
github.com/dpopsuev/parchment/migrate_uuid.go:95.58,97.3 1 0
github.com/dpopsuev/parchment/migrate_uuid.go:98.2,98.62 1 1
github.com/dpopsuev/parchment/migrate_uuid.go:98.62,100.3 1 0
github.com/dpopsuev/parchment/migrate_uuid.go:101.2,101.51 1 1
github.com/dpopsuev/parchment/migrate_uuid.go:101.51,103.3 1 0
github.com/dpopsuev/parchment/migrate_uuid.go:104.2,104.20 1 1
github.com/dpopsuev/parchment/migrate_uuid.go:107.109,108.25 1 1
github.com/dpopsuev/parchment/migrate_uuid.go:108.25,110.20 2 1
github.com/dpopsuev/parchment/migrate_uuid.go:110.20,111.12 1 1
github.com/dpopsuev/parchment/migrate_uuid.go:113.3,114.75 1 1
github.com/dpopsuev/parchment/migrate_uuid.go:114.75,116.4 1 0
github.com/dpopsuev/parchment/migrate_uuid.go:118.2,118.12 1 1
github.com/dpopsuev/parchment/migrate_uuid.go:121.88,122.34 1 1
github.com/dpopsuev/parchment/migrate_uuid.go:122.34,123.21 1 1
github.com/dpopsuev/parchment/migrate_uuid.go:123.21,124.12 1 1
github.com/dpopsuev/parchment/migrate_uuid.go:126.3,127.82 1 1
github.com/dpopsuev/parchment/migrate_uuid.go:127.82,129.4 1 0
github.com/dpopsuev/parchment/migrate_uuid.go:131.2,131.12 1 1
github.com/dpopsuev/parchment/migrate_uuid.go:134.81,135.34 1 1
github.com/dpopsuev/parchment/migrate_uuid.go:135.34,136.21 1 1
github.com/dpopsuev/parchment/migrate_uuid.go:136.21,137.12 1 1
github.com/dpopsuev/parchment/migrate_uuid.go:139.3,140.80 1 1
github.com/dpopsuev/parchment/migrate_uuid.go:140.80,142.4 1 0
github.com/dpopsuev/parchment/migrate_uuid.go:143.3,144.76 1 1
github.com/dpopsuev/parchment/migrate_uuid.go:144.76,146.4 1 0
github.com/dpopsuev/parchment/migrate_uuid.go:148.2,148.12 1 1
github.com/dpopsuev/parchment/migrate_uuid.go:154.84,156.16 2 1
github.com/dpopsuev/parchment/migrate_uuid.go:156.16,158.3 1 0
github.com/dpopsuev/parchment/migrate_uuid.go:159.2,162.18 3 1
github.com/dpopsuev/parchment/migrate_uuid.go:162.18,164.50 2 1
github.com/dpopsuev/parchment/migrate_uuid.go:164.50,166.4 1 0
github.com/dpopsuev/parchment/migrate_uuid.go:167.3,167.23 1 1
github.com/dpopsuev/parchment/migrate_uuid.go:169.2,169.24 1 1
github.com/dpopsuev/parchment/migrate_uuid.go:174.92,176.16 2 1
github.com/dpopsuev/parchment/migrate_uuid.go:176.16,178.3 1 0
github.com/dpopsuev/parchment/migrate_uuid.go:179.2,179.25 1 1
github.com/dpopsuev/parchment/migrate_uuid.go:179.25,180.59 1 1
github.com/dpopsuev/parchment/migrate_uuid.go:180.59,182.4 1 0
github.com/dpopsuev/parchment/migrate_uuid.go:184.2,184.12 1 1
github.com/dpopsuev/parchment/migrate_uuid.go:189.77,191.16 2 1
github.com/dpopsuev/parchment/migrate_uuid.go:191.16,193.3 1 0
github.com/dpopsuev/parchment/migrate_uuid.go:194.2,197.18 3 1
github.com/dpopsuev/parchment/migrate_uuid.go:197.18,199.62 2 1
github.com/dpopsuev/parchment/migrate_uuid.go:199.62,201.4 1 0
github.com/dpopsuev/parchment/migrate_uuid.go:202.3,202.23 1 1
github.com/dpopsuev/parchment/migrate_uuid.go:204.2,204.24 1 1
github.com/dpopsuev/parchment/migrate_uuid.go:207.99,214.25 6 1
github.com/dpopsuev/parchment/migrate_uuid.go:214.25,215.46 1 1
github.com/dpopsuev/parchment/migrate_uuid.go:215.46,218.4 2 1
github.com/dpopsuev/parchment/migrate_uuid.go:220.2,220.34 1 1
github.com/dpopsuev/parchment/migrate_uuid.go:220.34,221.29 1 1
github.com/dpopsuev/parchment/migrate_uuid.go:221.29,222.47 1 1
github.com/dpopsuev/parchment/migrate_uuid.go:222.47,225.5 2 1
github.com/dpopsuev/parchment/migrate_uuid.go:228.2,228.14 1 1
github.com/dpopsuev/parchment/migrate_uuid.go:228.14,230.3 1 1
github.com/dpopsuev/parchment/migrate_uuid.go:231.2,236.12 4 1
github.com/dpopsuev/parchment/migrate_uuid.go:241.56,242.44 1 1
github.com/dpopsuev/parchment/migrate_uuid.go:242.44,244.3 1 1
github.com/dpopsuev/parchment/migrate_uuid.go:246.2,247.16 2 1
github.com/dpopsuev/parchment/migrate_uuid.go:247.16,249.3 1 0
github.com/dpopsuev/parchment/migrate_uuid.go:250.2,252.36 3 1
github.com/dpopsuev/parchment/migrate_uuid.go:252.36,254.3 1 0
github.com/dpopsuev/parchment/migrate_uuid.go:255.2,255.18 1 1
github.com/dpopsuev/parchment/migrate_uuid.go:255.18,257.3 1 0
github.com/dpopsuev/parchment/migrate_uuid.go:259.2,259.37 1 1
github.com/dpopsuev/parchment/migrate_uuid.go:262.40,263.62 1 1
github.com/dpopsuev/parchment/migrate_uuid.go:263.62,265.3 1 0
github.com/dpopsuev/parchment/migrate_uuid.go:266.2,267.16 2 1
github.com/dpopsuev/parchment/migrate_uuid.go:267.16,269.3 1 0
github.com/dpopsuev/parchment/migrate_uuid.go:270.2,273.16 3 1
github.com/dpopsuev/parchment/migrate_uuid.go:273.16,275.3 1 0
github.com/dpopsuev/parchment/migrate_uuid.go:276.2,278.44 2 1
github.com/dpopsuev/parchment/migrate_uuid.go:278.44,281.3 2 0
github.com/dpopsuev/parchment/migrate_uuid.go:282.2,282.19 1 1
github.com/dpopsuev/parchment/protocol.go:20.43,20.67 1 1
github.com/dpopsuev/parchment/protocol.go:21.43,21.59 1 0
github.com/dpopsuev/parchment/protocol.go:52.53,52.72 1 0
github.com/dpopsuev/parchment/protocol.go:53.53,53.71 1 0
github.com/dpopsuev/parchment/protocol.go:54.53,54.74 1 1
github.com/dpopsuev/parchment/protocol.go:55.53,55.75 1 0
github.com/dpopsuev/parchment/protocol.go:56.53,56.75 1 1
github.com/dpopsuev/parchment/protocol.go:90.89,91.19 1 1
github.com/dpopsuev/parchment/protocol.go:91.19,93.3 1 1
github.com/dpopsuev/parchment/protocol.go:94.2,94.21 1 1
github.com/dpopsuev/parchment/protocol.go:94.21,96.3 1 1
github.com/dpopsuev/parchment/protocol.go:97.2,103.25 7 1
github.com/dpopsuev/parchment/protocol.go:103.25,105.3 1 0
github.com/dpopsuev/parchment/protocol.go:105.8,107.3 1 1
github.com/dpopsuev/parchment/protocol.go:108.2,110.10 3 1
github.com/dpopsuev/parchment/protocol.go:113.40,113.59 1 0
github.com/dpopsuev/parchment/protocol.go:114.40,114.58 1 0
github.com/dpopsuev/parchment/protocol.go:115.40,115.58 1 1
github.com/dpopsuev/parchment/protocol_admin.go:44.104,50.16 3 1
github.com/dpopsuev/parchment/protocol_admin.go:50.16,52.3 1 0
github.com/dpopsuev/parchment/protocol_admin.go:53.2,54.27 2 1
github.com/dpopsuev/parchment/protocol_admin.go:54.27,56.3 1 1
github.com/dpopsuev/parchment/protocol_admin.go:57.2,58.15 2 1
github.com/dpopsuev/parchment/protocol_admin.go:58.15,60.3 1 1
github.com/dpopsuev/parchment/protocol_admin.go:61.2,61.34 1 1
github.com/dpopsuev/parchment/protocol_admin.go:61.34,63.3 1 0
github.com/dpopsuev/parchment/protocol_admin.go:64.2,65.20 2 1
github.com/dpopsuev/parchment/protocol_admin.go:69.126,75.16 3 0
github.com/dpopsuev/parchment/protocol_admin.go:75.16,77.3 1 0
github.com/dpopsuev/parchment/protocol_admin.go:78.2,79.27 2 0
github.com/dpopsuev/parchment/protocol_admin.go:79.27,81.3 1 0
github.com/dpopsuev/parchment/protocol_admin.go:82.2,83.15 2 0
github.com/dpopsuev/parchment/protocol_admin.go:83.15,85.3 1 0
github.com/dpopsuev/parchment/protocol_admin.go:86.2,86.34 1 0
github.com/dpopsuev/parchment/protocol_admin.go:86.34,88.3 1 0
github.com/dpopsuev/parchment/protocol_admin.go:89.2,90.20 2 0
github.com/dpopsuev/parchment/protocol_admin.go:93.102,94.15 1 1
github.com/dpopsuev/parchment/protocol_admin.go:94.15,96.3 1 0
github.com/dpopsuev/parchment/protocol_admin.go:97.2,99.17 3 1
github.com/dpopsuev/parchment/protocol_admin.go:99.17,101.3 1 1
github.com/dpopsuev/parchment/protocol_admin.go:102.2,103.16 2 1
github.com/dpopsuev/parchment/protocol_admin.go:103.16,105.3 1 0
github.com/dpopsuev/parchment/protocol_admin.go:106.2,108.27 3 1
github.com/dpopsuev/parchment/protocol_admin.go:108.27,109.36 1 1
github.com/dpopsuev/parchment/protocol_admin.go:109.36,110.12 1 1
github.com/dpopsuev/parchment/protocol_admin.go:112.3,112.47 1 1
github.com/dpopsuev/parchment/protocol_admin.go:112.47,113.12 1 1
github.com/dpopsuev/parchment/protocol_admin.go:115.3,115.53 1 1
github.com/dpopsuev/parchment/protocol_admin.go:115.53,117.4 1 0
github.com/dpopsuev/parchment/protocol_admin.go:118.3,118.36 1 1
github.com/dpopsuev/parchment/protocol_admin.go:120.2,120.21 1 1
github.com/dpopsuev/parchment/protocol_admin.go:123.67,128.46 2 1
github.com/dpopsuev/parchment/protocol_admin.go:128.46,130.21 2 1
github.com/dpopsuev/parchment/protocol_admin.go:130.21,131.25 1 1
github.com/dpopsuev/parchment/protocol_admin.go:131.25,133.5 1 1
github.com/dpopsuev/parchment/protocol_admin.go:134.4,135.48 2 1
github.com/dpopsuev/parchment/protocol_admin.go:136.9,139.4 2 1
github.com/dpopsuev/parchment/protocol_admin.go:142.2,145.26 3 1
github.com/dpopsuev/parchment/protocol_admin.go:145.26,146.38 1 1
github.com/dpopsuev/parchment/protocol_admin.go:146.38,147.12 1 0
github.com/dpopsuev/parchment/protocol_admin.go:149.3,150.23 2 1
github.com/dpopsuev/parchment/protocol_admin.go:150.23,152.4 1 1
github.com/dpopsuev/parchment/protocol_admin.go:154.2,154.25 1 1
github.com/dpopsuev/parchment/protocol_admin.go:154.25,156.29 2 1
github.com/dpopsuev/parchment/protocol_admin.go:156.29,158.4 1 1
github.com/dpopsuev/parchment/protocol_admin.go:159.3,160.27 2 1
github.com/dpopsuev/parchment/protocol_admin.go:160.27,163.4 1 1
github.com/dpopsuev/parchment/protocol_admin.go:166.2,171.26 6 1
github.com/dpopsuev/parchment/protocol_admin.go:171.26,172.37 1 1
github.com/dpopsuev/parchment/protocol_admin.go:172.37,174.4 1 0
github.com/dpopsuev/parchment/protocol_admin.go:176.3,176.103 1 1
github.com/dpopsuev/parchment/protocol_admin.go:176.103,178.4 1 1
github.com/dpopsuev/parchment/protocol_admin.go:180.3,180.93 1 1
github.com/dpopsuev/parchment/protocol_admin.go:180.93,182.25 2 1
github.com/dpopsuev/parchment/protocol_admin.go:182.25,184.33 2 0
github.com/dpopsuev/parchment/protocol_admin.go:184.33,185.41 1 0
github.com/dpopsuev/parchment/protocol_admin.go:185.41,187.12 2 0
github.com/dpopsuev/parchment/protocol_admin.go:190.5,190.16 1 0
github.com/dpopsuev/parchment/protocol_admin.go:190.16,192.6 1 0
github.com/dpopsuev/parchment/protocol_admin.go:196.3,196.88 1 1
github.com/dpopsuev/parchment/protocol_admin.go:196.88,198.23 2 1
github.com/dpopsuev/parchment/protocol_admin.go:198.23,200.5 1 1
github.com/dpopsuev/parchment/protocol_admin.go:203.2,203.28 1 1
github.com/dpopsuev/parchment/protocol_admin.go:203.28,205.32 2 0
github.com/dpopsuev/parchment/protocol_admin.go:205.32,207.4 1 0
github.com/dpopsuev/parchment/protocol_admin.go:208.3,210.35 3 0
github.com/dpopsuev/parchment/protocol_admin.go:210.35,212.4 1 0
github.com/dpopsuev/parchment/protocol_admin.go:213.3,215.39 1 0
github.com/dpopsuev/parchment/protocol_admin.go:217.2,217.21 1 1
github.com/dpopsuev/parchment/protocol_admin.go:217.21,220.3 1 1
github.com/dpopsuev/parchment/protocol_admin.go:221.2,221.30 1 1
github.com/dpopsuev/parchment/protocol_admin.go:221.30,224.3 1 0
github.com/dpopsuev/parchment/protocol_admin.go:225.2,225.28 1 1
github.com/dpopsuev/parchment/protocol_admin.go:225.28,228.3 1 1
github.com/dpopsuev/parchment/protocol_admin.go:231.2,231.26 1 1
github.com/dpopsuev/parchment/protocol_admin.go:231.26,232.38 1 1
github.com/dpopsuev/parchment/protocol_admin.go:232.38,233.12 1 0
github.com/dpopsuev/parchment/protocol_admin.go:235.3,235.49 1 1
github.com/dpopsuev/parchment/protocol_admin.go:235.49,238.4 1 1
github.com/dpopsuev/parchment/protocol_admin.go:241.2,241.20 1 1
github.com/dpopsuev/parchment/protocol_admin.go:263.92,264.20 1 1
github.com/dpopsuev/parchment/protocol_admin.go:264.20,266.3 1 0
github.com/dpopsuev/parchment/protocol_admin.go:267.2,269.16 3 1
github.com/dpopsuev/parchment/protocol_admin.go:269.16,271.3 1 0
github.com/dpopsuev/parchment/protocol_admin.go:273.2,275.26 3 1
github.com/dpopsuev/parchment/protocol_admin.go:275.26,277.14 2 1
github.com/dpopsuev/parchment/protocol_admin.go:277.14,279.4 1 0
github.com/dpopsuev/parchment/protocol_admin.go:280.3,281.10 2 1
github.com/dpopsuev/parchment/protocol_admin.go:281.10,284.4 2 1
github.com/dpopsuev/parchment/protocol_admin.go:285.3,286.38 2 1
github.com/dpopsuev/parchment/protocol_admin.go:286.38,288.4 1 0
github.com/dpopsuev/parchment/protocol_admin.go:288.9,288.46 1 1
github.com/dpopsuev/parchment/protocol_admin.go:288.46,290.36 2 1
github.com/dpopsuev/parchment/protocol_admin.go:290.36,293.5 2 1
github.com/dpopsuev/parchment/protocol_admin.go:295.3,296.37 2 1
github.com/dpopsuev/parchment/protocol_admin.go:296.37,298.4 1 0
github.com/dpopsuev/parchment/protocol_admin.go:301.2,301.44 1 1
github.com/dpopsuev/parchment/protocol_admin.go:301.44,303.3 1 1
github.com/dpopsuev/parchment/protocol_admin.go:304.2,305.31 2 1
github.com/dpopsuev/parchment/protocol_admin.go:305.31,307.3 1 0
github.com/dpopsuev/parchment/protocol_admin.go:309.2,310.30 2 1
github.com/dpopsuev/parchment/protocol_admin.go:310.30,312.3 1 1
github.com/dpopsuev/parchment/protocol_admin.go:313.2,313.48 1 1
github.com/dpopsuev/parchment/protocol_admin.go:313.48,315.3 1 0
github.com/dpopsuev/parchment/protocol_admin.go:317.2,317.40 1 1
github.com/dpopsuev/parchment/protocol_admin.go:317.40,319.3 1 0
github.com/dpopsuev/parchment/protocol_admin.go:320.2,320.20 1 1
github.com/dpopsuev/parchment/protocol_admin.go:332.77,334.16 2 1
github.com/dpopsuev/parchment/protocol_admin.go:334.16,336.3 1 0
github.com/dpopsuev/parchment/protocol_admin.go:337.2,344.26 3 1
github.com/dpopsuev/parchment/protocol_admin.go:344.26,347.75 3 1
github.com/dpopsuev/parchment/protocol_admin.go:347.75,349.4 1 0
github.com/dpopsuev/parchment/protocol_admin.go:351.2,351.15 1 1
github.com/dpopsuev/parchment/protocol_admin.go:364.90,365.16 1 0
github.com/dpopsuev/parchment/protocol_admin.go:365.16,367.3 1 0
github.com/dpopsuev/parchment/protocol_admin.go:368.2,369.83 2 0
github.com/dpopsuev/parchment/protocol_admin.go:369.83,370.33 1 0
github.com/dpopsuev/parchment/protocol_admin.go:370.33,372.4 1 0
github.com/dpopsuev/parchment/protocol_admin.go:373.3,373.84 1 0
github.com/dpopsuev/parchment/protocol_admin.go:373.84,375.4 1 0
github.com/dpopsuev/parchment/protocol_admin.go:376.3,381.13 3 0
github.com/dpopsuev/parchment/protocol_admin.go:383.2,383.21 1 0
github.com/dpopsuev/parchment/protocol_admin.go:386.80,387.16 1 0
github.com/dpopsuev/parchment/protocol_admin.go:387.16,389.3 1 0
github.com/dpopsuev/parchment/protocol_admin.go:390.2,391.16 2 0
github.com/dpopsuev/parchment/protocol_admin.go:391.16,393.3 1 0
github.com/dpopsuev/parchment/protocol_admin.go:394.2,395.28 2 0
github.com/dpopsuev/parchment/protocol_admin.go:395.28,396.66 1 0
github.com/dpopsuev/parchment/protocol_admin.go:396.66,398.4 1 0
github.com/dpopsuev/parchment/protocol_admin.go:399.3,399.12 1 0
github.com/dpopsuev/parchment/protocol_admin.go:401.2,401.21 1 0
github.com/dpopsuev/parchment/protocol_admin.go:408.38,410.2 1 0
github.com/dpopsuev/parchment/protocol_admin.go:412.77,414.27 2 1
github.com/dpopsuev/parchment/protocol_admin.go:414.27,416.27 2 0
github.com/dpopsuev/parchment/protocol_admin.go:416.27,417.12 1 0
github.com/dpopsuev/parchment/protocol_admin.go:419.3,419.70 1 0
github.com/dpopsuev/parchment/protocol_admin.go:419.70,420.12 1 0
github.com/dpopsuev/parchment/protocol_admin.go:422.3,422.23 1 0
github.com/dpopsuev/parchment/protocol_admin.go:424.2,424.12 1 1
github.com/dpopsuev/parchment/protocol_admin.go:451.97,453.16 2 1
github.com/dpopsuev/parchment/protocol_admin.go:453.16,455.3 1 1
github.com/dpopsuev/parchment/protocol_admin.go:456.2,457.18 2 1
github.com/dpopsuev/parchment/protocol_admin.go:457.18,459.3 1 1
github.com/dpopsuev/parchment/protocol_admin.go:461.2,462.23 2 1
github.com/dpopsuev/parchment/protocol_admin.go:462.23,464.3 1 1
github.com/dpopsuev/parchment/protocol_admin.go:465.2,466.16 2 1
github.com/dpopsuev/parchment/protocol_admin.go:466.16,468.3 1 0
github.com/dpopsuev/parchment/protocol_admin.go:470.2,471.27 2 1
github.com/dpopsuev/parchment/protocol_admin.go:471.27,473.28 2 1
github.com/dpopsuev/parchment/protocol_admin.go:473.28,475.4 1 0
github.com/dpopsuev/parchment/protocol_admin.go:477.3,477.42 1 1
github.com/dpopsuev/parchment/protocol_admin.go:477.42,480.4 2 1
github.com/dpopsuev/parchment/protocol_admin.go:483.2,484.33 2 1
github.com/dpopsuev/parchment/protocol_admin.go:484.33,485.20 1 1
github.com/dpopsuev/parchment/protocol_admin.go:485.20,486.12 1 1
github.com/dpopsuev/parchment/protocol_admin.go:488.3,488.89 1 1
github.com/dpopsuev/parchment/protocol_admin.go:490.2,490.50 1 1
github.com/dpopsuev/parchment/protocol_admin.go:490.50,492.3 1 0
github.com/dpopsuev/parchment/protocol_admin.go:493.2,494.20 2 1
github.com/dpopsuev/parchment/protocol_admin.go:522.94,524.20 2 1
github.com/dpopsuev/parchment/protocol_admin.go:524.20,526.3 1 0
github.com/dpopsuev/parchment/protocol_admin.go:526.8,526.30 1 1
github.com/dpopsuev/parchment/protocol_admin.go:526.30,528.3 1 1
github.com/dpopsuev/parchment/protocol_admin.go:530.2,531.16 2 1
github.com/dpopsuev/parchment/protocol_admin.go:531.16,533.3 1 0
github.com/dpopsuev/parchment/protocol_admin.go:535.2,536.27 2 1
github.com/dpopsuev/parchment/protocol_admin.go:536.27,537.49 1 1
github.com/dpopsuev/parchment/protocol_admin.go:537.49,538.12 1 0
github.com/dpopsuev/parchment/protocol_admin.go:540.3,540.57 1 1
github.com/dpopsuev/parchment/protocol_admin.go:540.57,541.12 1 0
github.com/dpopsuev/parchment/protocol_admin.go:544.3,545.10 2 1
github.com/dpopsuev/parchment/protocol_admin.go:545.10,546.12 1 0
github.com/dpopsuev/parchment/protocol_admin.go:549.3,549.53 1 1
github.com/dpopsuev/parchment/protocol_admin.go:549.53,552.18 3 1
github.com/dpopsuev/parchment/protocol_admin.go:552.18,553.13 1 0
github.com/dpopsuev/parchment/protocol_admin.go:555.4,555.23 1 1
github.com/dpopsuev/parchment/protocol_admin.go:555.23,560.5 1 1
github.com/dpopsuev/parchment/protocol_admin.go:564.2,564.49 1 1
github.com/dpopsuev/parchment/protocol_admin.go:564.49,566.3 1 0
github.com/dpopsuev/parchment/protocol_admin.go:567.2,568.20 2 1
github.com/dpopsuev/parchment/protocol_admin.go:574.41,579.2 4 1
github.com/dpopsuev/parchment/protocol_admin.go:582.48,583.16 1 1
github.com/dpopsuev/parchment/protocol_admin.go:583.16,585.3 1 0
github.com/dpopsuev/parchment/protocol_admin.go:586.2,586.36 1 1
github.com/dpopsuev/parchment/protocol_admin.go:586.36,588.3 1 1
github.com/dpopsuev/parchment/protocol_admin.go:589.2,590.12 2 1
github.com/dpopsuev/parchment/protocol_admin.go:594.72,595.16 1 1
github.com/dpopsuev/parchment/protocol_admin.go:595.16,597.3 1 0
github.com/dpopsuev/parchment/protocol_admin.go:598.2,598.37 1 1
github.com/dpopsuev/parchment/protocol_admin.go:598.37,600.3 1 0
github.com/dpopsuev/parchment/protocol_admin.go:601.2,602.16 2 1
github.com/dpopsuev/parchment/protocol_admin.go:602.16,604.3 1 0
github.com/dpopsuev/parchment/protocol_admin.go:605.2,605.19 1 1
github.com/dpopsuev/parchment/protocol_admin.go:605.19,607.3 1 1
github.com/dpopsuev/parchment/protocol_admin.go:608.2,609.28 2 1
github.com/dpopsuev/parchment/protocol_admin.go:609.28,610.16 1 1
github.com/dpopsuev/parchment/protocol_admin.go:610.16,612.4 1 1
github.com/dpopsuev/parchment/protocol_admin.go:614.2,615.12 2 1
github.com/dpopsuev/parchment/protocol_admin.go:619.37,619.55 1 0
github.com/dpopsuev/parchment/protocol_admin.go:622.82,624.2 1 1
github.com/dpopsuev/parchment/protocol_admin.go:627.78,629.2 1 1
github.com/dpopsuev/parchment/protocol_admin.go:631.93,633.2 1 1
github.com/dpopsuev/parchment/protocol_admin.go:635.88,637.2 1 1
github.com/dpopsuev/parchment/protocol_admin.go:639.76,641.2 1 1
github.com/dpopsuev/parchment/protocol_admin.go:644.54,646.40 2 1
github.com/dpopsuev/parchment/protocol_admin.go:646.40,647.21 1 1
github.com/dpopsuev/parchment/protocol_admin.go:647.21,649.4 1 1
github.com/dpopsuev/parchment/protocol_admin.go:651.2,652.15 2 1
github.com/dpopsuev/parchment/protocol_admin.go:657.88,659.17 2 1
github.com/dpopsuev/parchment/protocol_admin.go:659.17,661.3 1 0
github.com/dpopsuev/parchment/protocol_admin.go:662.2,663.16 2 1
github.com/dpopsuev/parchment/protocol_admin.go:663.16,665.3 1 0
github.com/dpopsuev/parchment/protocol_admin.go:666.2,667.27 2 1
github.com/dpopsuev/parchment/protocol_admin.go:667.27,671.27 3 1
github.com/dpopsuev/parchment/protocol_admin.go:671.27,672.24 1 0
github.com/dpopsuev/parchment/protocol_admin.go:672.24,674.5 1 0
github.com/dpopsuev/parchment/protocol_admin.go:676.3,676.44 1 1
github.com/dpopsuev/parchment/protocol_admin.go:676.44,678.4 1 0
github.com/dpopsuev/parchment/protocol_admin.go:680.2,680.23 1 1
github.com/dpopsuev/parchment/protocol_admin.go:691.74,694.17 3 1
github.com/dpopsuev/parchment/protocol_admin.go:694.17,696.42 2 1
github.com/dpopsuev/parchment/protocol_admin.go:696.42,698.4 1 0
github.com/dpopsuev/parchment/protocol_admin.go:699.3,699.57 1 1
github.com/dpopsuev/parchment/protocol_admin.go:699.57,701.4 1 0
github.com/dpopsuev/parchment/protocol_admin.go:703.3,703.31 1 1
github.com/dpopsuev/parchment/protocol_admin.go:703.31,705.4 1 0
github.com/dpopsuev/parchment/protocol_admin.go:706.3,706.10 1 1
github.com/dpopsuev/parchment/protocol_admin.go:708.2,708.19 1 1
github.com/dpopsuev/parchment/protocol_admin.go:714.77,716.17 1 1
github.com/dpopsuev/parchment/protocol_admin.go:716.17,718.31 2 1
github.com/dpopsuev/parchment/protocol_admin.go:718.31,719.37 1 1
github.com/dpopsuev/parchment/protocol_admin.go:719.37,720.24 1 1
github.com/dpopsuev/parchment/protocol_admin.go:720.24,722.6 1 1
github.com/dpopsuev/parchment/protocol_admin.go:727.2,728.30 2 1
github.com/dpopsuev/parchment/protocol_admin.go:728.30,729.36 1 0
github.com/dpopsuev/parchment/protocol_admin.go:729.36,730.23 1 0
github.com/dpopsuev/parchment/protocol_admin.go:730.23,732.5 1 0
github.com/dpopsuev/parchment/protocol_admin.go:735.2,735.11 1 1
github.com/dpopsuev/parchment/protocol_admin.go:738.97,741.36 3 1
github.com/dpopsuev/parchment/protocol_admin.go:741.36,742.24 1 1
github.com/dpopsuev/parchment/protocol_admin.go:742.24,745.18 3 1
github.com/dpopsuev/parchment/protocol_admin.go:745.18,747.5 1 0
github.com/dpopsuev/parchment/protocol_admin.go:748.4,748.9 1 1
github.com/dpopsuev/parchment/protocol_admin.go:751.2,758.16 4 1
github.com/dpopsuev/parchment/protocol_admin.go:758.16,760.3 1 0
github.com/dpopsuev/parchment/protocol_admin.go:761.2,762.40 2 1
github.com/dpopsuev/parchment/protocol_admin.go:766.40,768.2 1 1
github.com/dpopsuev/parchment/protocol_admin.go:790.83,792.17 2 1
github.com/dpopsuev/parchment/protocol_admin.go:792.17,794.3 1 1
github.com/dpopsuev/parchment/protocol_admin.go:794.8,794.30 1 1
github.com/dpopsuev/parchment/protocol_admin.go:794.30,796.3 1 1
github.com/dpopsuev/parchment/protocol_admin.go:798.2,799.16 2 1
github.com/dpopsuev/parchment/protocol_admin.go:799.16,801.3 1 0
github.com/dpopsuev/parchment/protocol_admin.go:803.2,805.27 2 1
github.com/dpopsuev/parchment/protocol_admin.go:805.27,808.17 2 1
github.com/dpopsuev/parchment/protocol_admin.go:808.17,814.12 2 1
github.com/dpopsuev/parchment/protocol_admin.go:817.3,817.23 1 1
github.com/dpopsuev/parchment/protocol_admin.go:817.23,819.18 2 1
github.com/dpopsuev/parchment/protocol_admin.go:819.18,820.70 1 1
github.com/dpopsuev/parchment/protocol_admin.go:820.70,826.6 1 1
github.com/dpopsuev/parchment/protocol_admin.go:830.3,830.39 1 1
github.com/dpopsuev/parchment/protocol_admin.go:830.39,831.36 1 0
github.com/dpopsuev/parchment/protocol_admin.go:831.36,837.13 2 0
github.com/dpopsuev/parchment/protocol_admin.go:839.4,839.38 1 0
github.com/dpopsuev/parchment/protocol_admin.go:839.38,840.53 1 0
github.com/dpopsuev/parchment/protocol_admin.go:840.53,846.6 1 0
github.com/dpopsuev/parchment/protocol_admin.go:848.4,848.57 1 0
github.com/dpopsuev/parchment/protocol_admin.go:848.57,849.33 1 0
github.com/dpopsuev/parchment/protocol_admin.go:849.33,851.20 2 0
github.com/dpopsuev/parchment/protocol_admin.go:851.20,852.15 1 0
github.com/dpopsuev/parchment/protocol_admin.go:854.6,854.53 1 0
github.com/dpopsuev/parchment/protocol_admin.go:854.53,861.7 1 0
github.com/dpopsuev/parchment/protocol_admin.go:866.3,866.56 1 1
github.com/dpopsuev/parchment/protocol_admin.go:866.56,867.39 1 0
github.com/dpopsuev/parchment/protocol_admin.go:867.39,868.13 1 0
github.com/dpopsuev/parchment/protocol_admin.go:870.4,871.18 2 0
github.com/dpopsuev/parchment/protocol_admin.go:871.18,872.13 1 0
github.com/dpopsuev/parchment/protocol_admin.go:874.4,874.23 1 0
github.com/dpopsuev/parchment/protocol_admin.go:874.23,880.5 1 0
github.com/dpopsuev/parchment/protocol_admin.go:883.3,883.53 1 1
github.com/dpopsuev/parchment/protocol_admin.go:883.53,886.37 3 0
github.com/dpopsuev/parchment/protocol_admin.go:886.37,888.5 1 0
github.com/dpopsuev/parchment/protocol_admin.go:889.4,889.44 1 0
github.com/dpopsuev/parchment/protocol_admin.go:889.44,890.23 1 0
github.com/dpopsuev/parchment/protocol_admin.go:890.23,896.6 1 0
github.com/dpopsuev/parchment/protocol_admin.go:904.2,904.27 1 1
github.com/dpopsuev/parchment/protocol_admin.go:904.27,907.17 3 1
github.com/dpopsuev/parchment/protocol_admin.go:907.17,908.20 1 1
github.com/dpopsuev/parchment/protocol_admin.go:908.20,914.10 2 0
github.com/dpopsuev/parchment/protocol_admin.go:916.4,918.18 3 1
github.com/dpopsuev/parchment/protocol_admin.go:918.18,919.10 1 0
github.com/dpopsuev/parchment/protocol_admin.go:921.4,921.23 1 1
github.com/dpopsuev/parchment/protocol_admin.go:926.2,927.27 2 1
github.com/dpopsuev/parchment/protocol_admin.go:927.27,928.38 1 1
github.com/dpopsuev/parchment/protocol_admin.go:928.38,929.12 1 1
github.com/dpopsuev/parchment/protocol_admin.go:931.3,931.67 1 1
github.com/dpopsuev/parchment/protocol_admin.go:931.67,937.4 1 0
github.com/dpopsuev/parchment/protocol_admin.go:941.2,941.27 1 1
github.com/dpopsuev/parchment/protocol_admin.go:941.27,942.38 1 1
github.com/dpopsuev/parchment/protocol_admin.go:942.38,943.12 1 1
github.com/dpopsuev/parchment/protocol_admin.go:945.3,945.55 1 1
github.com/dpopsuev/parchment/protocol_admin.go:945.55,946.12 1 1
github.com/dpopsuev/parchment/protocol_admin.go:948.3,949.25 2 1
github.com/dpopsuev/parchment/protocol_admin.go:949.25,950.12 1 1
github.com/dpopsuev/parchment/protocol_admin.go:952.3,953.31 2 1
github.com/dpopsuev/parchment/protocol_admin.go:953.31,954.39 1 1
github.com/dpopsuev/parchment/protocol_admin.go:954.39,956.10 2 0
github.com/dpopsuev/parchment/protocol_admin.go:959.3,959.18 1 1
github.com/dpopsuev/parchment/protocol_admin.go:959.18,965.4 1 1
github.com/dpopsuev/parchment/protocol_admin.go:969.2,969.27 1 1
github.com/dpopsuev/parchment/protocol_admin.go:969.27,970.38 1 1
github.com/dpopsuev/parchment/protocol_admin.go:970.38,971.12 1 1
github.com/dpopsuev/parchment/protocol_admin.go:973.3,973.50 1 1
github.com/dpopsuev/parchment/protocol_admin.go:973.50,975.23 2 0
github.com/dpopsuev/parchment/protocol_admin.go:975.23,981.5 1 0
github.com/dpopsuev/parchment/protocol_admin.go:986.2,988.27 3 1
github.com/dpopsuev/parchment/protocol_admin.go:988.27,989.38 1 1
github.com/dpopsuev/parchment/protocol_admin.go:989.38,990.12 1 1
github.com/dpopsuev/parchment/protocol_admin.go:992.3,993.54 2 1
github.com/dpopsuev/parchment/protocol_admin.go:995.2,995.36 1 1
github.com/dpopsuev/parchment/protocol_admin.go:995.36,996.19 1 1
github.com/dpopsuev/parchment/protocol_admin.go:996.19,1002.4 1 1
github.com/dpopsuev/parchment/protocol_admin.go:1006.2,1006.27 1 1
github.com/dpopsuev/parchment/protocol_admin.go:1006.27,1007.32 1 1
github.com/dpopsuev/parchment/protocol_admin.go:1007.32,1008.12 1 1
github.com/dpopsuev/parchment/protocol_admin.go:1010.3,1010.83 1 1
github.com/dpopsuev/parchment/protocol_admin.go:1010.83,1011.12 1 1
github.com/dpopsuev/parchment/protocol_admin.go:1013.3,1013.51 1 1
github.com/dpopsuev/parchment/protocol_admin.go:1013.51,1014.12 1 0
github.com/dpopsuev/parchment/protocol_admin.go:1016.3,1016.67 1 1
github.com/dpopsuev/parchment/protocol_admin.go:1016.67,1018.23 2 1
github.com/dpopsuev/parchment/protocol_admin.go:1018.23,1024.5 1 1
github.com/dpopsuev/parchment/protocol_admin.go:1028.2,1028.52 1 1
github.com/dpopsuev/parchment/protocol_admin.go:1028.52,1030.3 1 0
github.com/dpopsuev/parchment/protocol_admin.go:1031.2,1033.20 3 1
github.com/dpopsuev/parchment/protocol_admin.go:1041.96,1043.16 2 1
github.com/dpopsuev/parchment/protocol_admin.go:1043.16,1045.3 1 0
github.com/dpopsuev/parchment/protocol_admin.go:1047.2,1048.38 2 1
github.com/dpopsuev/parchment/protocol_admin.go:1048.38,1049.21 1 1
github.com/dpopsuev/parchment/protocol_admin.go:1050.27,1052.18 2 0
github.com/dpopsuev/parchment/protocol_admin.go:1052.18,1053.13 1 0
github.com/dpopsuev/parchment/protocol_admin.go:1055.4,1056.40 2 0
github.com/dpopsuev/parchment/protocol_admin.go:1056.40,1057.37 1 0
github.com/dpopsuev/parchment/protocol_admin.go:1057.37,1061.14 4 0
github.com/dpopsuev/parchment/protocol_admin.go:1063.5,1064.39 2 0
github.com/dpopsuev/parchment/protocol_admin.go:1064.39,1065.54 1 0
github.com/dpopsuev/parchment/protocol_admin.go:1065.54,1069.15 4 0
github.com/dpopsuev/parchment/protocol_admin.go:1072.5,1072.58 1 0
github.com/dpopsuev/parchment/protocol_admin.go:1072.58,1074.34 2 0
github.com/dpopsuev/parchment/protocol_admin.go:1074.34,1076.21 2 0
github.com/dpopsuev/parchment/protocol_admin.go:1076.21,1078.16 2 0
github.com/dpopsuev/parchment/protocol_admin.go:1080.7,1080.53 1 0
github.com/dpopsuev/parchment/protocol_admin.go:1080.53,1082.8 1 0
github.com/dpopsuev/parchment/protocol_admin.go:1082.13,1084.8 1 0
github.com/dpopsuev/parchment/protocol_admin.go:1086.6,1086.35 1 0
github.com/dpopsuev/parchment/protocol_admin.go:1086.35,1089.7 2 0
github.com/dpopsuev/parchment/protocol_admin.go:1092.4,1092.15 1 0
github.com/dpopsuev/parchment/protocol_admin.go:1092.15,1094.5 1 0
github.com/dpopsuev/parchment/protocol_admin.go:1096.41,1098.18 2 1
github.com/dpopsuev/parchment/protocol_admin.go:1098.18,1099.13 1 0
github.com/dpopsuev/parchment/protocol_admin.go:1101.4,1102.48 2 1
github.com/dpopsuev/parchment/protocol_admin.go:1102.48,1104.5 1 1
github.com/dpopsuev/parchment/protocol_admin.go:1108.2,1108.27 1 1
github.com/dpopsuev/parchment/protocol_admin.go:1121.73,1125.16 3 0
github.com/dpopsuev/parchment/protocol_admin.go:1125.16,1127.3 1 0
github.com/dpopsuev/parchment/protocol_admin.go:1128.2,1130.20 3 0
github.com/dpopsuev/parchment/protocol_crud.go:14.108,16.16 2 1
github.com/dpopsuev/parchment/protocol_crud.go:16.16,18.3 1 0
github.com/dpopsuev/parchment/protocol_crud.go:19.2,21.16 3 1
github.com/dpopsuev/parchment/protocol_crud.go:21.16,25.22 3 0
github.com/dpopsuev/parchment/protocol_crud.go:25.22,27.4 1 0
github.com/dpopsuev/parchment/protocol_crud.go:30.3,31.26 2 0
github.com/dpopsuev/parchment/protocol_crud.go:31.26,34.4 2 0
github.com/dpopsuev/parchment/protocol_crud.go:35.3,35.58 1 0
github.com/dpopsuev/parchment/protocol_crud.go:37.2,38.17 2 1
github.com/dpopsuev/parchment/protocol_crud.go:64.91,65.20 1 1
github.com/dpopsuev/parchment/protocol_crud.go:65.20,67.3 1 1
github.com/dpopsuev/parchment/protocol_crud.go:68.2,68.55 1 1
github.com/dpopsuev/parchment/protocol_crud.go:68.55,70.3 1 1
github.com/dpopsuev/parchment/protocol_crud.go:71.2,71.63 1 1
github.com/dpopsuev/parchment/protocol_crud.go:71.63,73.3 1 1
github.com/dpopsuev/parchment/protocol_crud.go:74.2,74.21 1 1
github.com/dpopsuev/parchment/protocol_crud.go:74.21,75.61 1 1
github.com/dpopsuev/parchment/protocol_crud.go:75.61,76.68 1 1
github.com/dpopsuev/parchment/protocol_crud.go:76.68,78.5 1 0
github.com/dpopsuev/parchment/protocol_crud.go:80.3,80.67 1 1
github.com/dpopsuev/parchment/protocol_crud.go:80.67,82.4 1 0
github.com/dpopsuev/parchment/protocol_crud.go:84.2,85.16 2 1
github.com/dpopsuev/parchment/protocol_crud.go:85.16,87.3 1 1
github.com/dpopsuev/parchment/protocol_crud.go:89.2,89.46 1 1
github.com/dpopsuev/parchment/protocol_crud.go:89.46,90.85 1 0
github.com/dpopsuev/parchment/protocol_crud.go:90.85,92.4 1 0
github.com/dpopsuev/parchment/protocol_crud.go:93.3,93.56 1 0
github.com/dpopsuev/parchment/protocol_crud.go:93.56,95.4 1 0
github.com/dpopsuev/parchment/protocol_crud.go:98.2,98.21 1 1
github.com/dpopsuev/parchment/protocol_crud.go:98.21,99.61 1 1
github.com/dpopsuev/parchment/protocol_crud.go:99.61,100.50 1 1
github.com/dpopsuev/parchment/protocol_crud.go:100.50,102.5 1 0
github.com/dpopsuev/parchment/protocol_crud.go:105.2,106.25 2 1
github.com/dpopsuev/parchment/protocol_crud.go:106.25,108.3 1 1
github.com/dpopsuev/parchment/protocol_crud.go:108.8,108.58 1 1
github.com/dpopsuev/parchment/protocol_crud.go:108.58,111.36 2 1
github.com/dpopsuev/parchment/protocol_crud.go:111.36,113.20 2 1
github.com/dpopsuev/parchment/protocol_crud.go:113.20,116.5 2 1
github.com/dpopsuev/parchment/protocol_crud.go:118.8,118.51 1 1
github.com/dpopsuev/parchment/protocol_crud.go:118.51,120.17 2 1
github.com/dpopsuev/parchment/protocol_crud.go:120.17,122.4 1 0
github.com/dpopsuev/parchment/protocol_crud.go:123.8,123.54 1 1
github.com/dpopsuev/parchment/protocol_crud.go:123.54,124.18 1 1
github.com/dpopsuev/parchment/protocol_crud.go:124.18,127.18 3 0
github.com/dpopsuev/parchment/protocol_crud.go:127.18,129.5 1 0
github.com/dpopsuev/parchment/protocol_crud.go:130.9,132.18 2 1
github.com/dpopsuev/parchment/protocol_crud.go:132.18,134.5 1 0
github.com/dpopsuev/parchment/protocol_crud.go:135.4,137.18 3 1
github.com/dpopsuev/parchment/protocol_crud.go:137.18,139.5 1 0
github.com/dpopsuev/parchment/protocol_crud.go:141.8,143.19 2 1
github.com/dpopsuev/parchment/protocol_crud.go:143.19,145.4 1 1
github.com/dpopsuev/parchment/protocol_crud.go:146.3,147.17 2 1
github.com/dpopsuev/parchment/protocol_crud.go:147.17,149.4 1 0
github.com/dpopsuev/parchment/protocol_crud.go:151.2,152.18 2 1
github.com/dpopsuev/parchment/protocol_crud.go:152.18,154.3 1 1
github.com/dpopsuev/parchment/protocol_crud.go:155.2,164.24 2 1
github.com/dpopsuev/parchment/protocol_crud.go:164.24,165.67 1 0
github.com/dpopsuev/parchment/protocol_crud.go:165.67,167.4 1 0
github.com/dpopsuev/parchment/protocol_crud.go:169.2,169.23 1 1
github.com/dpopsuev/parchment/protocol_crud.go:169.23,171.34 2 1
github.com/dpopsuev/parchment/protocol_crud.go:171.34,173.4 1 1
github.com/dpopsuev/parchment/protocol_crud.go:174.3,174.36 1 1
github.com/dpopsuev/parchment/protocol_crud.go:174.36,175.37 1 1
github.com/dpopsuev/parchment/protocol_crud.go:175.37,177.5 1 1
github.com/dpopsuev/parchment/protocol_crud.go:177.10,179.5 1 1
github.com/dpopsuev/parchment/protocol_crud.go:183.2,184.44 2 1
github.com/dpopsuev/parchment/protocol_crud.go:184.44,186.3 1 1
github.com/dpopsuev/parchment/protocol_crud.go:188.2,188.17 1 1
github.com/dpopsuev/parchment/protocol_crud.go:188.17,190.60 1 1
github.com/dpopsuev/parchment/protocol_crud.go:190.60,191.73 1 1
github.com/dpopsuev/parchment/protocol_crud.go:191.73,192.25 1 1
github.com/dpopsuev/parchment/protocol_crud.go:192.25,194.6 1 1
github.com/dpopsuev/parchment/protocol_crud.go:195.5,197.70 2 1
github.com/dpopsuev/parchment/protocol_crud.go:201.3,201.45 1 1
github.com/dpopsuev/parchment/protocol_crud.go:201.45,202.57 1 1
github.com/dpopsuev/parchment/protocol_crud.go:202.57,204.65 2 1
github.com/dpopsuev/parchment/protocol_crud.go:204.65,206.6 1 1
github.com/dpopsuev/parchment/protocol_crud.go:207.5,207.57 1 1
github.com/dpopsuev/parchment/protocol_crud.go:207.57,209.6 1 0
github.com/dpopsuev/parchment/protocol_crud.go:210.5,210.17 1 1
github.com/dpopsuev/parchment/protocol_crud.go:210.17,212.32 2 0
github.com/dpopsuev/parchment/protocol_crud.go:212.32,214.7 1 0
github.com/dpopsuev/parchment/protocol_crud.go:215.6,215.112 1 0
github.com/dpopsuev/parchment/protocol_crud.go:220.3,220.68 1 1
github.com/dpopsuev/parchment/protocol_crud.go:220.68,222.61 1 1
github.com/dpopsuev/parchment/protocol_crud.go:222.61,224.5 1 1
github.com/dpopsuev/parchment/protocol_crud.go:225.4,225.19 1 0
github.com/dpopsuev/parchment/protocol_crud.go:228.3,228.100 1 1
github.com/dpopsuev/parchment/protocol_crud.go:228.100,229.31 1 1
github.com/dpopsuev/parchment/protocol_crud.go:229.31,230.63 1 1
github.com/dpopsuev/parchment/protocol_crud.go:230.63,233.6 1 1
github.com/dpopsuev/parchment/protocol_crud.go:237.2,237.46 1 1
github.com/dpopsuev/parchment/protocol_crud.go:237.46,239.3 1 0
github.com/dpopsuev/parchment/protocol_crud.go:242.2,242.34 1 1
github.com/dpopsuev/parchment/protocol_crud.go:242.34,244.3 1 1
github.com/dpopsuev/parchment/protocol_crud.go:246.2,246.17 1 1
github.com/dpopsuev/parchment/protocol_crud.go:249.83,251.16 2 1
github.com/dpopsuev/parchment/protocol_crud.go:251.16,253.72 1 1
github.com/dpopsuev/parchment/protocol_crud.go:253.72,255.4 1 1
github.com/dpopsuev/parchment/protocol_crud.go:257.3,257.18 1 1
github.com/dpopsuev/parchment/protocol_crud.go:259.2,259.17 1 1
github.com/dpopsuev/parchment/protocol_crud.go:262.85,263.54 1 1
github.com/dpopsuev/parchment/protocol_crud.go:263.54,265.17 2 1
github.com/dpopsuev/parchment/protocol_crud.go:265.17,267.4 1 0
github.com/dpopsuev/parchment/protocol_crud.go:268.3,268.39 1 1
github.com/dpopsuev/parchment/protocol_crud.go:268.39,270.4 1 1
github.com/dpopsuev/parchment/protocol_crud.go:272.2,272.32 1 1
github.com/dpopsuev/parchment/protocol_crud.go:299.90,301.20 1 1
github.com/dpopsuev/parchment/protocol_crud.go:301.20,302.64 1 1
github.com/dpopsuev/parchment/protocol_crud.go:302.64,304.4 1 0
github.com/dpopsuev/parchment/protocol_crud.go:306.2,306.28 1 1
github.com/dpopsuev/parchment/protocol_crud.go:306.28,307.72 1 1
github.com/dpopsuev/parchment/protocol_crud.go:307.72,309.4 1 0
github.com/dpopsuev/parchment/protocol_crud.go:311.2,311.19 1 1
github.com/dpopsuev/parchment/protocol_crud.go:311.19,312.63 1 1
github.com/dpopsuev/parchment/protocol_crud.go:312.63,314.4 1 0
github.com/dpopsuev/parchment/protocol_crud.go:317.2,333.20 2 1
github.com/dpopsuev/parchment/protocol_crud.go:333.20,335.3 1 1
github.com/dpopsuev/parchment/protocol_crud.go:335.8,335.30 1 1
github.com/dpopsuev/parchment/protocol_crud.go:335.30,337.3 1 1
github.com/dpopsuev/parchment/protocol_crud.go:338.2,339.29 2 1
github.com/dpopsuev/parchment/protocol_crud.go:342.76,344.29 2 1
github.com/dpopsuev/parchment/protocol_crud.go:344.29,346.3 1 0
github.com/dpopsuev/parchment/protocol_crud.go:347.2,347.31 1 1
github.com/dpopsuev/parchment/protocol_crud.go:347.31,349.3 1 0
github.com/dpopsuev/parchment/protocol_crud.go:350.2,350.36 1 1
github.com/dpopsuev/parchment/protocol_crud.go:350.36,352.3 1 0
github.com/dpopsuev/parchment/protocol_crud.go:353.2,353.25 1 1
github.com/dpopsuev/parchment/protocol_crud.go:353.25,355.3 1 1
github.com/dpopsuev/parchment/protocol_crud.go:356.2,357.31 2 0
github.com/dpopsuev/parchment/protocol_crud.go:357.31,359.36 2 0
github.com/dpopsuev/parchment/protocol_crud.go:359.36,361.4 1 0
github.com/dpopsuev/parchment/protocol_crud.go:363.2,363.18 1 0
github.com/dpopsuev/parchment/protocol_crud.go:363.18,365.3 1 0
github.com/dpopsuev/parchment/protocol_crud.go:368.106,369.17 1 1
github.com/dpopsuev/parchment/protocol_crud.go:369.17,371.3 1 1
github.com/dpopsuev/parchment/protocol_crud.go:374.2,375.38 2 1
github.com/dpopsuev/parchment/protocol_crud.go:375.38,377.29 2 1
github.com/dpopsuev/parchment/protocol_crud.go:377.29,379.18 2 1
github.com/dpopsuev/parchment/protocol_crud.go:379.18,380.13 1 0
github.com/dpopsuev/parchment/protocol_crud.go:383.4,383.44 1 1
github.com/dpopsuev/parchment/protocol_crud.go:383.44,384.13 1 1
github.com/dpopsuev/parchment/protocol_crud.go:386.4,386.50 1 1
github.com/dpopsuev/parchment/protocol_crud.go:386.50,387.13 1 0
github.com/dpopsuev/parchment/protocol_crud.go:389.4,389.47 1 1
github.com/dpopsuev/parchment/protocol_crud.go:389.47,390.13 1 0
github.com/dpopsuev/parchment/protocol_crud.go:392.4,392.84 1 1
github.com/dpopsuev/parchment/protocol_crud.go:392.84,393.13 1 0
github.com/dpopsuev/parchment/protocol_crud.go:395.4,395.34 1 1
github.com/dpopsuev/parchment/protocol_crud.go:397.3,397.22 1 1
github.com/dpopsuev/parchment/protocol_crud.go:401.2,402.20 2 1
github.com/dpopsuev/parchment/protocol_crud.go:402.20,404.3 1 0
github.com/dpopsuev/parchment/protocol_crud.go:404.8,404.30 1 1
github.com/dpopsuev/parchment/protocol_crud.go:404.30,406.3 1 1
github.com/dpopsuev/parchment/protocol_crud.go:407.2,408.16 2 1
github.com/dpopsuev/parchment/protocol_crud.go:408.16,410.3 1 0
github.com/dpopsuev/parchment/protocol_crud.go:411.2,413.27 3 1
github.com/dpopsuev/parchment/protocol_crud.go:413.27,414.27 1 1
github.com/dpopsuev/parchment/protocol_crud.go:414.27,416.4 1 0
github.com/dpopsuev/parchment/protocol_crud.go:418.2,418.21 1 1
github.com/dpopsuev/parchment/protocol_crud.go:421.49,422.53 1 1
github.com/dpopsuev/parchment/protocol_crud.go:422.53,424.3 1 0
github.com/dpopsuev/parchment/protocol_crud.go:425.2,425.52 1 1
github.com/dpopsuev/parchment/protocol_crud.go:425.52,427.3 1 0
github.com/dpopsuev/parchment/protocol_crud.go:428.2,428.35 1 1
github.com/dpopsuev/parchment/protocol_crud.go:428.35,429.53 1 1
github.com/dpopsuev/parchment/protocol_crud.go:429.53,431.4 1 0
github.com/dpopsuev/parchment/protocol_crud.go:433.2,433.30 1 1
github.com/dpopsuev/parchment/protocol_crud.go:433.30,434.58 1 0
github.com/dpopsuev/parchment/protocol_crud.go:434.58,436.4 1 0
github.com/dpopsuev/parchment/protocol_crud.go:438.2,438.14 1 1
github.com/dpopsuev/parchment/protocol_crud.go:446.92,447.28 1 1
github.com/dpopsuev/parchment/protocol_crud.go:447.28,449.3 1 1
github.com/dpopsuev/parchment/protocol_crud.go:450.2,451.16 2 1
github.com/dpopsuev/parchment/protocol_crud.go:451.16,453.3 1 0
github.com/dpopsuev/parchment/protocol_crud.go:454.2,454.73 1 1
github.com/dpopsuev/parchment/protocol_crud.go:454.73,456.3 1 1
github.com/dpopsuev/parchment/protocol_crud.go:457.2,458.35 2 1
github.com/dpopsuev/parchment/protocol_crud.go:458.35,459.23 1 1
github.com/dpopsuev/parchment/protocol_crud.go:459.23,462.9 3 1
github.com/dpopsuev/parchment/protocol_crud.go:465.2,465.15 1 1
github.com/dpopsuev/parchment/protocol_crud.go:465.15,467.3 1 1
github.com/dpopsuev/parchment/protocol_crud.go:471.2,471.22 1 1
github.com/dpopsuev/parchment/protocol_crud.go:471.22,473.3 1 1
github.com/dpopsuev/parchment/protocol_crud.go:475.2,475.46 1 1
github.com/dpopsuev/parchment/protocol_crud.go:475.46,477.3 1 0
github.com/dpopsuev/parchment/protocol_crud.go:478.2,478.22 1 1
github.com/dpopsuev/parchment/protocol_crud.go:481.85,482.28 1 1
github.com/dpopsuev/parchment/protocol_crud.go:482.28,484.3 1 1
github.com/dpopsuev/parchment/protocol_crud.go:485.2,486.16 2 1
github.com/dpopsuev/parchment/protocol_crud.go:486.16,488.3 1 0
github.com/dpopsuev/parchment/protocol_crud.go:489.2,489.35 1 1
github.com/dpopsuev/parchment/protocol_crud.go:489.35,490.23 1 1
github.com/dpopsuev/parchment/protocol_crud.go:490.23,492.4 1 1
github.com/dpopsuev/parchment/protocol_crud.go:494.2,494.63 1 1
github.com/dpopsuev/parchment/protocol_crud.go:499.86,500.28 1 1
github.com/dpopsuev/parchment/protocol_crud.go:500.28,502.3 1 1
github.com/dpopsuev/parchment/protocol_crud.go:503.2,504.16 2 1
github.com/dpopsuev/parchment/protocol_crud.go:504.16,506.3 1 0
github.com/dpopsuev/parchment/protocol_crud.go:507.2,507.73 1 1
github.com/dpopsuev/parchment/protocol_crud.go:507.73,509.3 1 1
github.com/dpopsuev/parchment/protocol_crud.go:510.2,510.52 1 1
github.com/dpopsuev/parchment/protocol_crud.go:510.52,512.53 2 1
github.com/dpopsuev/parchment/protocol_crud.go:512.53,514.4 1 1
github.com/dpopsuev/parchment/protocol_crud.go:516.2,517.35 2 1
github.com/dpopsuev/parchment/protocol_crud.go:517.35,518.23 1 1
github.com/dpopsuev/parchment/protocol_crud.go:518.23,520.9 2 1
github.com/dpopsuev/parchment/protocol_crud.go:523.2,523.13 1 1
github.com/dpopsuev/parchment/protocol_crud.go:523.13,525.3 1 1
github.com/dpopsuev/parchment/protocol_crud.go:526.2,527.46 2 1
github.com/dpopsuev/parchment/protocol_crud.go:527.46,529.3 1 0
github.com/dpopsuev/parchment/protocol_crud.go:530.2,530.18 1 1
github.com/dpopsuev/parchment/protocol_crud.go:535.101,536.20 1 1
github.com/dpopsuev/parchment/protocol_crud.go:536.20,538.3 1 1
github.com/dpopsuev/parchment/protocol_crud.go:540.2,540.48 1 1
github.com/dpopsuev/parchment/protocol_crud.go:540.48,541.21 1 1
github.com/dpopsuev/parchment/protocol_crud.go:541.21,542.83 1 0
github.com/dpopsuev/parchment/protocol_crud.go:542.83,544.5 1 0
github.com/dpopsuev/parchment/protocol_crud.go:546.3,546.17 1 1
github.com/dpopsuev/parchment/protocol_crud.go:548.2,548.20 1 1
github.com/dpopsuev/parchment/protocol_crud.go:548.20,549.82 1 0
github.com/dpopsuev/parchment/protocol_crud.go:549.82,551.4 1 0
github.com/dpopsuev/parchment/protocol_crud.go:553.2,553.24 1 1
github.com/dpopsuev/parchment/protocol_crud.go:553.24,555.3 1 1
github.com/dpopsuev/parchment/protocol_crud.go:556.2,557.23 2 1
github.com/dpopsuev/parchment/protocol_crud.go:557.23,559.3 1 1
github.com/dpopsuev/parchment/protocol_crud.go:560.2,560.74 1 1
github.com/dpopsuev/parchment/protocol_crud.go:563.87,564.17 1 1
github.com/dpopsuev/parchment/protocol_crud.go:564.17,566.3 1 0
github.com/dpopsuev/parchment/protocol_crud.go:567.2,567.39 1 1
github.com/dpopsuev/parchment/protocol_crud.go:567.39,569.3 1 1
github.com/dpopsuev/parchment/protocol_crud.go:570.2,571.16 2 1
github.com/dpopsuev/parchment/protocol_crud.go:571.16,573.3 1 0
github.com/dpopsuev/parchment/protocol_crud.go:574.2,574.15 1 1
github.com/dpopsuev/parchment/protocol_crud.go:574.15,576.3 1 1
github.com/dpopsuev/parchment/protocol_crud.go:577.2,578.32 2 1
github.com/dpopsuev/parchment/protocol_crud.go:578.32,580.3 1 0
github.com/dpopsuev/parchment/protocol_crud.go:581.2,582.27 2 1
github.com/dpopsuev/parchment/protocol_crud.go:582.27,584.3 1 0
github.com/dpopsuev/parchment/protocol_crud.go:585.2,586.67 2 1
github.com/dpopsuev/parchment/protocol_crud.go:586.67,588.3 1 0
github.com/dpopsuev/parchment/protocol_crud.go:589.2,589.17 1 1
github.com/dpopsuev/parchment/protocol_crud.go:592.56,593.39 1 1
github.com/dpopsuev/parchment/protocol_crud.go:593.39,595.3 1 0
github.com/dpopsuev/parchment/protocol_crud.go:596.2,596.32 1 1
github.com/dpopsuev/parchment/protocol_crud.go:613.90,614.20 1 1
github.com/dpopsuev/parchment/protocol_crud.go:614.20,616.3 1 1
github.com/dpopsuev/parchment/protocol_crud.go:617.2,618.20 2 1
github.com/dpopsuev/parchment/protocol_crud.go:618.20,620.3 1 0
github.com/dpopsuev/parchment/protocol_crud.go:621.2,622.16 2 1
github.com/dpopsuev/parchment/protocol_crud.go:622.16,624.3 1 0
github.com/dpopsuev/parchment/protocol_crud.go:626.2,627.16 2 1
github.com/dpopsuev/parchment/protocol_crud.go:627.16,629.3 1 0
github.com/dpopsuev/parchment/protocol_crud.go:630.2,631.31 2 1
github.com/dpopsuev/parchment/protocol_crud.go:631.31,633.47 2 1
github.com/dpopsuev/parchment/protocol_crud.go:633.47,635.4 1 0
github.com/dpopsuev/parchment/protocol_crud.go:636.3,636.35 1 1
github.com/dpopsuev/parchment/protocol_crud.go:639.2,641.16 3 1
github.com/dpopsuev/parchment/protocol_crud.go:641.16,643.3 1 0
github.com/dpopsuev/parchment/protocol_crud.go:644.2,648.47 2 1
github.com/dpopsuev/parchment/protocol_crud.go:648.47,650.3 1 0
github.com/dpopsuev/parchment/protocol_crud.go:652.2,653.20 2 1
github.com/dpopsuev/parchment/protocol_crud.go:653.20,655.3 1 1
github.com/dpopsuev/parchment/protocol_crud.go:656.2,658.16 3 1
github.com/dpopsuev/parchment/protocol_crud.go:658.16,660.3 1 0
github.com/dpopsuev/parchment/protocol_crud.go:661.2,666.47 2 1
github.com/dpopsuev/parchment/protocol_crud.go:666.47,668.3 1 0
github.com/dpopsuev/parchment/protocol_crud.go:669.2,669.72 1 1
github.com/dpopsuev/parchment/protocol_crud.go:672.103,673.19 1 1
github.com/dpopsuev/parchment/protocol_crud.go:673.19,675.3 1 1
github.com/dpopsuev/parchment/protocol_crud.go:676.2,677.25 2 1
github.com/dpopsuev/parchment/protocol_crud.go:677.25,678.59 1 1
github.com/dpopsuev/parchment/protocol_crud.go:678.59,680.12 2 1
github.com/dpopsuev/parchment/protocol_crud.go:682.3,682.54 1 1
github.com/dpopsuev/parchment/protocol_crud.go:684.2,684.21 1 1
github.com/dpopsuev/parchment/protocol_crud.go:688.97,689.19 1 1
github.com/dpopsuev/parchment/protocol_crud.go:689.19,691.3 1 1
github.com/dpopsuev/parchment/protocol_crud.go:692.2,693.25 2 1
github.com/dpopsuev/parchment/protocol_crud.go:693.25,695.17 2 1
github.com/dpopsuev/parchment/protocol_crud.go:695.17,697.12 2 0
github.com/dpopsuev/parchment/protocol_crud.go:699.3,699.39 1 1
github.com/dpopsuev/parchment/protocol_crud.go:699.39,701.12 2 1
github.com/dpopsuev/parchment/protocol_crud.go:703.3,704.47 2 1
github.com/dpopsuev/parchment/protocol_crud.go:704.47,706.12 2 0
github.com/dpopsuev/parchment/protocol_crud.go:708.3,709.14 2 1
github.com/dpopsuev/parchment/protocol_crud.go:709.14,711.32 2 1
github.com/dpopsuev/parchment/protocol_crud.go:711.32,712.39 1 1
github.com/dpopsuev/parchment/protocol_crud.go:712.39,715.6 2 1
github.com/dpopsuev/parchment/protocol_crud.go:719.2,719.21 1 1
github.com/dpopsuev/parchment/protocol_crud.go:722.86,724.16 2 1
github.com/dpopsuev/parchment/protocol_crud.go:724.16,726.3 1 0
github.com/dpopsuev/parchment/protocol_crud.go:727.2,727.37 1 1
github.com/dpopsuev/parchment/protocol_crud.go:727.37,729.3 1 1
github.com/dpopsuev/parchment/protocol_crud.go:730.2,731.16 2 1
github.com/dpopsuev/parchment/protocol_crud.go:731.16,733.3 1 0
github.com/dpopsuev/parchment/protocol_crud.go:734.2,734.13 1 1
github.com/dpopsuev/parchment/protocol_crud.go:734.13,735.31 1 1
github.com/dpopsuev/parchment/protocol_crud.go:735.31,736.60 1 1
github.com/dpopsuev/parchment/protocol_crud.go:736.60,738.5 1 0
github.com/dpopsuev/parchment/protocol_crud.go:740.8,741.31 1 1
github.com/dpopsuev/parchment/protocol_crud.go:741.31,742.39 1 1
github.com/dpopsuev/parchment/protocol_crud.go:742.39,744.5 1 1
github.com/dpopsuev/parchment/protocol_crud.go:747.2,748.30 2 1
github.com/dpopsuev/parchment/protocol_crud.go:763.56,765.68 2 1
github.com/dpopsuev/parchment/protocol_crud.go:765.68,767.3 1 0
github.com/dpopsuev/parchment/protocol_crud.go:769.2,770.41 2 1
github.com/dpopsuev/parchment/protocol_crud.go:770.41,772.3 1 0
github.com/dpopsuev/parchment/protocol_crud.go:774.2,774.27 1 1
github.com/dpopsuev/parchment/protocol_crud.go:774.27,775.23 1 1
github.com/dpopsuev/parchment/protocol_crud.go:775.23,776.12 1 0
github.com/dpopsuev/parchment/protocol_crud.go:779.3,780.51 2 1
github.com/dpopsuev/parchment/protocol_crud.go:780.51,782.4 1 1
github.com/dpopsuev/parchment/protocol_crud.go:783.3,783.32 1 1
github.com/dpopsuev/parchment/protocol_crud.go:783.32,786.4 2 1
github.com/dpopsuev/parchment/protocol_graph.go:29.101,30.19 1 1
github.com/dpopsuev/parchment/protocol_graph.go:30.19,32.3 1 1
github.com/dpopsuev/parchment/protocol_graph.go:33.2,33.25 1 0
github.com/dpopsuev/parchment/protocol_graph.go:33.25,35.3 1 0
github.com/dpopsuev/parchment/protocol_graph.go:36.2,38.6 3 0
github.com/dpopsuev/parchment/protocol_graph.go:38.6,40.37 2 0
github.com/dpopsuev/parchment/protocol_graph.go:40.37,42.4 1 0
github.com/dpopsuev/parchment/protocol_graph.go:43.3,44.28 2 0
github.com/dpopsuev/parchment/protocol_graph.go:44.28,46.4 1 0
github.com/dpopsuev/parchment/protocol_graph.go:47.3,47.19 1 0
github.com/dpopsuev/parchment/protocol_graph.go:56.86,57.16 1 1
github.com/dpopsuev/parchment/protocol_graph.go:57.16,59.3 1 1
github.com/dpopsuev/parchment/protocol_graph.go:60.2,62.80 3 1
github.com/dpopsuev/parchment/protocol_graph.go:62.80,64.19 2 1
github.com/dpopsuev/parchment/protocol_graph.go:64.19,67.4 2 1
github.com/dpopsuev/parchment/protocol_graph.go:68.3,68.14 1 1
github.com/dpopsuev/parchment/protocol_graph.go:70.2,70.11 1 1
github.com/dpopsuev/parchment/protocol_graph.go:70.11,72.3 1 1
github.com/dpopsuev/parchment/protocol_graph.go:73.2,73.19 1 1
github.com/dpopsuev/parchment/protocol_graph.go:79.76,81.16 2 1
github.com/dpopsuev/parchment/protocol_graph.go:81.16,83.3 1 0
github.com/dpopsuev/parchment/protocol_graph.go:85.2,94.27 5 1
github.com/dpopsuev/parchment/protocol_graph.go:94.27,96.3 1 1
github.com/dpopsuev/parchment/protocol_graph.go:97.2,98.12 2 1
github.com/dpopsuev/parchment/protocol_graph.go:101.97,103.87 1 1
github.com/dpopsuev/parchment/protocol_graph.go:103.87,105.23 2 1
github.com/dpopsuev/parchment/protocol_graph.go:105.23,109.4 2 1
github.com/dpopsuev/parchment/protocol_graph.go:110.3,110.14 1 1
github.com/dpopsuev/parchment/protocol_graph.go:114.102,116.45 2 1
github.com/dpopsuev/parchment/protocol_graph.go:116.45,118.3 1 1
github.com/dpopsuev/parchment/protocol_graph.go:119.2,119.28 1 1
github.com/dpopsuev/parchment/protocol_graph.go:119.28,121.3 1 1
github.com/dpopsuev/parchment/protocol_graph.go:126.2,127.16 2 1
github.com/dpopsuev/parchment/protocol_graph.go:127.16,129.3 1 0
github.com/dpopsuev/parchment/protocol_graph.go:130.2,130.26 1 1
github.com/dpopsuev/parchment/protocol_graph.go:130.26,131.47 1 1
github.com/dpopsuev/parchment/protocol_graph.go:131.47,132.12 1 1
github.com/dpopsuev/parchment/protocol_graph.go:134.3,134.42 1 1
github.com/dpopsuev/parchment/protocol_graph.go:134.42,135.23 1 1
github.com/dpopsuev/parchment/protocol_graph.go:135.23,137.10 2 1
github.com/dpopsuev/parchment/protocol_graph.go:146.113,148.24 2 1
github.com/dpopsuev/parchment/protocol_graph.go:148.24,150.3 1 0
github.com/dpopsuev/parchment/protocol_graph.go:151.2,152.16 2 1
github.com/dpopsuev/parchment/protocol_graph.go:152.16,154.3 1 0
github.com/dpopsuev/parchment/protocol_graph.go:155.2,155.22 1 1
github.com/dpopsuev/parchment/protocol_graph.go:158.120,159.20 1 1
github.com/dpopsuev/parchment/protocol_graph.go:159.20,161.3 1 1
github.com/dpopsuev/parchment/protocol_graph.go:162.2,162.20 1 1
github.com/dpopsuev/parchment/protocol_graph.go:162.20,164.3 1 1
github.com/dpopsuev/parchment/protocol_graph.go:165.2,165.25 1 1
github.com/dpopsuev/parchment/protocol_graph.go:165.25,167.3 1 1
github.com/dpopsuev/parchment/protocol_graph.go:168.2,168.39 1 1
github.com/dpopsuev/parchment/protocol_graph.go:168.39,170.3 1 1
github.com/dpopsuev/parchment/protocol_graph.go:172.2,172.30 1 1
github.com/dpopsuev/parchment/protocol_graph.go:172.30,173.33 1 1
github.com/dpopsuev/parchment/protocol_graph.go:173.33,174.62 1 1
github.com/dpopsuev/parchment/protocol_graph.go:174.62,176.5 1 1
github.com/dpopsuev/parchment/protocol_graph.go:180.2,181.16 2 1
github.com/dpopsuev/parchment/protocol_graph.go:181.16,183.3 1 0
github.com/dpopsuev/parchment/protocol_graph.go:186.2,186.30 1 1
github.com/dpopsuev/parchment/protocol_graph.go:186.30,187.33 1 1
github.com/dpopsuev/parchment/protocol_graph.go:187.33,189.18 2 1
github.com/dpopsuev/parchment/protocol_graph.go:189.18,191.5 1 0
github.com/dpopsuev/parchment/protocol_graph.go:192.4,192.32 1 1
github.com/dpopsuev/parchment/protocol_graph.go:192.32,198.5 2 1
github.com/dpopsuev/parchment/protocol_graph.go:200.4,206.77 2 0
github.com/dpopsuev/parchment/protocol_graph.go:206.77,212.5 2 0
github.com/dpopsuev/parchment/protocol_graph.go:215.2,215.22 1 1
github.com/dpopsuev/parchment/protocol_graph.go:215.22,217.3 1 1
github.com/dpopsuev/parchment/protocol_graph.go:218.2,219.41 2 1
github.com/dpopsuev/parchment/protocol_graph.go:219.41,221.3 1 1
github.com/dpopsuev/parchment/protocol_graph.go:222.2,223.32 2 1
github.com/dpopsuev/parchment/protocol_graph.go:223.32,224.20 1 1
github.com/dpopsuev/parchment/protocol_graph.go:224.20,226.12 2 1
github.com/dpopsuev/parchment/protocol_graph.go:228.3,228.97 1 1
github.com/dpopsuev/parchment/protocol_graph.go:228.97,230.12 2 0
github.com/dpopsuev/parchment/protocol_graph.go:232.3,234.55 3 1
github.com/dpopsuev/parchment/protocol_graph.go:236.2,237.21 2 1
github.com/dpopsuev/parchment/protocol_graph.go:240.122,241.20 1 1
github.com/dpopsuev/parchment/protocol_graph.go:241.20,243.3 1 1
github.com/dpopsuev/parchment/protocol_graph.go:244.2,244.20 1 1
github.com/dpopsuev/parchment/protocol_graph.go:244.20,246.3 1 1
github.com/dpopsuev/parchment/protocol_graph.go:247.2,247.25 1 1
github.com/dpopsuev/parchment/protocol_graph.go:247.25,249.3 1 1
github.com/dpopsuev/parchment/protocol_graph.go:250.2,251.16 2 1
github.com/dpopsuev/parchment/protocol_graph.go:251.16,253.3 1 0
github.com/dpopsuev/parchment/protocol_graph.go:254.2,255.30 2 1
github.com/dpopsuev/parchment/protocol_graph.go:255.30,257.3 1 1
github.com/dpopsuev/parchment/protocol_graph.go:258.2,259.32 2 1
github.com/dpopsuev/parchment/protocol_graph.go:259.32,260.100 1 1
github.com/dpopsuev/parchment/protocol_graph.go:260.100,262.12 2 0
github.com/dpopsuev/parchment/protocol_graph.go:264.3,264.55 1 1
github.com/dpopsuev/parchment/protocol_graph.go:266.2,267.41 2 1
github.com/dpopsuev/parchment/protocol_graph.go:267.41,268.21 1 1
github.com/dpopsuev/parchment/protocol_graph.go:268.21,270.4 1 0
github.com/dpopsuev/parchment/protocol_graph.go:272.2,272.19 1 1
github.com/dpopsuev/parchment/protocol_graph.go:272.19,274.3 1 0
github.com/dpopsuev/parchment/protocol_graph.go:274.8,276.3 1 1
github.com/dpopsuev/parchment/protocol_graph.go:277.2,278.21 2 1
github.com/dpopsuev/parchment/protocol_graph.go:290.87,292.16 2 1
github.com/dpopsuev/parchment/protocol_graph.go:292.16,294.3 1 1
github.com/dpopsuev/parchment/protocol_graph.go:296.2,297.15 2 1
github.com/dpopsuev/parchment/protocol_graph.go:297.15,299.3 1 1
github.com/dpopsuev/parchment/protocol_graph.go:300.2,300.34 1 1
github.com/dpopsuev/parchment/protocol_graph.go:300.34,302.3 1 1
github.com/dpopsuev/parchment/protocol_graph.go:304.2,305.15 2 1
github.com/dpopsuev/parchment/protocol_graph.go:305.15,307.3 1 1
github.com/dpopsuev/parchment/protocol_graph.go:309.2,310.13 2 1
github.com/dpopsuev/parchment/protocol_graph.go:311.32,312.22 1 1
github.com/dpopsuev/parchment/protocol_graph.go:313.31,314.22 1 0
github.com/dpopsuev/parchment/protocol_graph.go:315.14,316.18 1 0
github.com/dpopsuev/parchment/protocol_graph.go:317.10,318.87 1 0
github.com/dpopsuev/parchment/protocol_graph.go:321.2,323.31 3 1
github.com/dpopsuev/parchment/protocol_graph.go:323.31,325.3 1 0
github.com/dpopsuev/parchment/protocol_graph.go:327.2,329.15 2 1
github.com/dpopsuev/parchment/protocol_graph.go:329.15,331.3 1 1
github.com/dpopsuev/parchment/protocol_graph.go:333.2,336.18 4 1
github.com/dpopsuev/parchment/protocol_graph.go:342.86,345.16 2 1
github.com/dpopsuev/parchment/protocol_graph.go:345.16,347.3 1 0
github.com/dpopsuev/parchment/protocol_graph.go:348.2,348.24 1 1
github.com/dpopsuev/parchment/protocol_graph.go:348.24,350.3 1 1
github.com/dpopsuev/parchment/protocol_graph.go:352.2,353.30 2 1
github.com/dpopsuev/parchment/protocol_graph.go:353.30,356.24 3 1
github.com/dpopsuev/parchment/protocol_graph.go:356.24,358.4 1 1
github.com/dpopsuev/parchment/protocol_graph.go:362.2,363.23 2 1
github.com/dpopsuev/parchment/protocol_graph.go:363.23,365.3 1 1
github.com/dpopsuev/parchment/protocol_graph.go:366.2,366.28 1 1
github.com/dpopsuev/parchment/protocol_graph.go:366.28,367.37 1 1
github.com/dpopsuev/parchment/protocol_graph.go:367.37,368.30 1 1
github.com/dpopsuev/parchment/protocol_graph.go:368.30,370.5 1 1
github.com/dpopsuev/parchment/protocol_graph.go:376.2,377.28 2 1
github.com/dpopsuev/parchment/protocol_graph.go:377.28,378.23 1 1
github.com/dpopsuev/parchment/protocol_graph.go:378.23,380.4 1 1
github.com/dpopsuev/parchment/protocol_graph.go:382.2,382.49 1 1
github.com/dpopsuev/parchment/protocol_graph.go:382.49,384.30 2 1
github.com/dpopsuev/parchment/protocol_graph.go:384.30,386.36 2 1
github.com/dpopsuev/parchment/protocol_graph.go:386.36,387.34 1 1
github.com/dpopsuev/parchment/protocol_graph.go:387.34,389.6 1 1
github.com/dpopsuev/parchment/protocol_graph.go:394.2,395.16 2 1
github.com/dpopsuev/parchment/protocol_graph.go:395.16,398.29 2 0
github.com/dpopsuev/parchment/protocol_graph.go:398.29,403.4 1 0
github.com/dpopsuev/parchment/protocol_graph.go:404.3,404.76 1 0
github.com/dpopsuev/parchment/protocol_graph.go:407.2,408.27 2 1
github.com/dpopsuev/parchment/protocol_graph.go:408.27,414.3 2 1
github.com/dpopsuev/parchment/protocol_graph.go:415.2,415.20 1 1
github.com/dpopsuev/parchment/protocol_graph.go:427.76,430.30 3 1
github.com/dpopsuev/parchment/protocol_graph.go:430.30,432.3 1 1
github.com/dpopsuev/parchment/protocol_graph.go:433.2,433.13 1 1
github.com/dpopsuev/parchment/protocol_graph.go:436.152,437.45 1 1
github.com/dpopsuev/parchment/protocol_graph.go:437.45,439.3 1 0
github.com/dpopsuev/parchment/protocol_graph.go:441.2,442.16 2 1
github.com/dpopsuev/parchment/protocol_graph.go:442.16,444.3 1 0
github.com/dpopsuev/parchment/protocol_graph.go:446.2,447.26 2 1
github.com/dpopsuev/parchment/protocol_graph.go:447.26,450.58 3 1
github.com/dpopsuev/parchment/protocol_graph.go:450.58,453.4 2 0
github.com/dpopsuev/parchment/protocol_graph.go:455.3,455.24 1 1
github.com/dpopsuev/parchment/protocol_graph.go:455.24,456.12 1 0
github.com/dpopsuev/parchment/protocol_graph.go:458.3,461.17 3 1
github.com/dpopsuev/parchment/protocol_graph.go:461.17,462.12 1 0
github.com/dpopsuev/parchment/protocol_graph.go:465.3,475.76 3 1
github.com/dpopsuev/parchment/protocol_graph.go:494.93,496.16 2 1
[...]
github.com/dpopsuev/parchment/sqlite.go:542.23,544.3 1 0
github.com/dpopsuev/parchment/sqlite.go:546.2,546.6 1 1
github.com/dpopsuev/parchment/sqlite.go:546.6,551.36 4 1
github.com/dpopsuev/parchment/sqlite.go:551.36,556.18 2 1
github.com/dpopsuev/parchment/sqlite.go:556.18,558.5 1 0
github.com/dpopsuev/parchment/sqlite.go:559.4,559.33 1 1
github.com/dpopsuev/parchment/sqlite.go:561.3,561.17 1 0
github.com/dpopsuev/parchment/sqlite.go:561.17,563.4 1 0
github.com/dpopsuev/parchment/sqlite.go:564.3,564.8 1 0
github.com/dpopsuev/parchment/sqlite.go:568.83,572.16 2 1
github.com/dpopsuev/parchment/sqlite.go:572.16,574.3 1 1
github.com/dpopsuev/parchment/sqlite.go:575.2,577.18 3 1
github.com/dpopsuev/parchment/sqlite.go:577.18,579.40 2 1
github.com/dpopsuev/parchment/sqlite.go:579.40,581.4 1 1
github.com/dpopsuev/parchment/sqlite.go:583.2,583.17 1 1
github.com/dpopsuev/parchment/sqlite.go:586.68,593.16 5 1
github.com/dpopsuev/parchment/sqlite.go:593.16,595.3 1 0
github.com/dpopsuev/parchment/sqlite.go:596.2,599.16 3 1
github.com/dpopsuev/parchment/sqlite.go:599.16,601.3 1 0
github.com/dpopsuev/parchment/sqlite.go:602.2,603.12 2 1
github.com/dpopsuev/parchment/sqlite.go:603.12,605.3 1 0
github.com/dpopsuev/parchment/sqlite.go:607.2,607.107 1 1
github.com/dpopsuev/parchment/sqlite.go:607.107,609.3 1 0
github.com/dpopsuev/parchment/sqlite.go:612.2,612.57 1 1
github.com/dpopsuev/parchment/sqlite.go:612.57,614.3 1 0
github.com/dpopsuev/parchment/sqlite.go:615.2,615.29 1 1
github.com/dpopsuev/parchment/sqlite.go:615.29,617.3 1 1
github.com/dpopsuev/parchment/sqlite.go:618.2,618.20 1 1
github.com/dpopsuev/parchment/sqlite.go:622.98,627.16 2 1
github.com/dpopsuev/parchment/sqlite.go:627.16,629.3 1 0
github.com/dpopsuev/parchment/sqlite.go:630.2,638.18 4 1
github.com/dpopsuev/parchment/sqlite.go:638.18,640.61 2 0
github.com/dpopsuev/parchment/sqlite.go:640.61,641.12 1 0
github.com/dpopsuev/parchment/sqlite.go:643.3,643.31 1 0
github.com/dpopsuev/parchment/sqlite.go:646.2,646.28 1 1
github.com/dpopsuev/parchment/sqlite.go:646.28,653.26 5 0
github.com/dpopsuev/parchment/sqlite.go:653.26,654.22 1 0
github.com/dpopsuev/parchment/sqlite.go:654.22,656.5 1 0
github.com/dpopsuev/parchment/sqlite.go:656.10,658.5 1 0
github.com/dpopsuev/parchment/sqlite.go:662.3,664.35 3 0
github.com/dpopsuev/parchment/sqlite.go:664.35,666.30 2 0
github.com/dpopsuev/parchment/sqlite.go:666.30,667.23 1 0
github.com/dpopsuev/parchment/sqlite.go:667.23,669.6 1 0
github.com/dpopsuev/parchment/sqlite.go:669.11,671.6 1 0
github.com/dpopsuev/parchment/sqlite.go:673.4,673.23 1 0
github.com/dpopsuev/parchment/sqlite.go:673.23,675.5 1 0
github.com/dpopsuev/parchment/sqlite.go:675.10,677.5 1 0
github.com/dpopsuev/parchment/sqlite.go:680.3,680.14 1 0
github.com/dpopsuev/parchment/sqlite.go:680.14,685.60 3 0
github.com/dpopsuev/parchment/sqlite.go:685.60,687.5 1 0
github.com/dpopsuev/parchment/sqlite.go:690.2,690.12 1 1
github.com/dpopsuev/parchment/sqlite.go:693.80,696.22 3 1
github.com/dpopsuev/parchment/sqlite.go:696.22,699.3 2 0
github.com/dpopsuev/parchment/sqlite.go:700.2,700.18 1 1
github.com/dpopsuev/parchment/sqlite.go:700.18,703.3 2 1
github.com/dpopsuev/parchment/sqlite.go:704.2,704.25 1 1
github.com/dpopsuev/parchment/sqlite.go:704.25,707.3 2 0
github.com/dpopsuev/parchment/sqlite.go:708.2,708.27 1 1
github.com/dpopsuev/parchment/sqlite.go:708.27,711.3 2 0
github.com/dpopsuev/parchment/sqlite.go:712.2,712.23 1 1
github.com/dpopsuev/parchment/sqlite.go:712.23,714.31 2 1
github.com/dpopsuev/parchment/sqlite.go:714.31,717.4 2 1
github.com/dpopsuev/parchment/sqlite.go:718.3,718.78 1 1
github.com/dpopsuev/parchment/sqlite.go:719.8,719.26 1 1
github.com/dpopsuev/parchment/sqlite.go:719.26,722.3 2 1
github.com/dpopsuev/parchment/sqlite.go:723.2,723.20 1 1
github.com/dpopsuev/parchment/sqlite.go:723.20,726.3 2 1
github.com/dpopsuev/parchment/sqlite.go:727.2,727.20 1 1
github.com/dpopsuev/parchment/sqlite.go:727.20,730.3 2 0
github.com/dpopsuev/parchment/sqlite.go:731.2,731.20 1 1
github.com/dpopsuev/parchment/sqlite.go:731.20,734.3 2 0
github.com/dpopsuev/parchment/sqlite.go:735.2,735.26 1 1
github.com/dpopsuev/parchment/sqlite.go:735.26,738.3 2 0
github.com/dpopsuev/parchment/sqlite.go:739.2,739.27 1 1
github.com/dpopsuev/parchment/sqlite.go:739.27,742.3 2 0
github.com/dpopsuev/parchment/sqlite.go:743.2,743.26 1 1
github.com/dpopsuev/parchment/sqlite.go:743.26,746.3 2 0
github.com/dpopsuev/parchment/sqlite.go:747.2,747.27 1 1
github.com/dpopsuev/parchment/sqlite.go:747.27,750.3 2 0
github.com/dpopsuev/parchment/sqlite.go:751.2,751.27 1 1
github.com/dpopsuev/parchment/sqlite.go:751.27,754.3 2 0
github.com/dpopsuev/parchment/sqlite.go:755.2,755.28 1 1
github.com/dpopsuev/parchment/sqlite.go:755.28,758.3 2 0
github.com/dpopsuev/parchment/sqlite.go:760.2,761.22 2 1
github.com/dpopsuev/parchment/sqlite.go:761.22,763.3 1 1
github.com/dpopsuev/parchment/sqlite.go:764.2,767.16 3 1
github.com/dpopsuev/parchment/sqlite.go:767.16,769.3 1 0
github.com/dpopsuev/parchment/sqlite.go:770.2,773.18 3 1
github.com/dpopsuev/parchment/sqlite.go:773.18,775.17 2 1
github.com/dpopsuev/parchment/sqlite.go:775.17,777.12 2 0
github.com/dpopsuev/parchment/sqlite.go:779.3,779.26 1 1
github.com/dpopsuev/parchment/sqlite.go:779.26,780.12 1 0
github.com/dpopsuev/parchment/sqlite.go:782.3,782.33 1 1
github.com/dpopsuev/parchment/sqlite.go:784.2,784.28 1 1
github.com/dpopsuev/parchment/sqlite.go:787.66,792.2 2 1
github.com/dpopsuev/parchment/sqlite.go:794.69,799.2 2 0
github.com/dpopsuev/parchment/sqlite.go:801.101,804.36 2 1
github.com/dpopsuev/parchment/sqlite.go:804.36,807.16 3 1
github.com/dpopsuev/parchment/sqlite.go:807.16,810.4 2 1
github.com/dpopsuev/parchment/sqlite.go:811.3,812.17 2 1
github.com/dpopsuev/parchment/sqlite.go:812.17,814.4 1 0
github.com/dpopsuev/parchment/sqlite.go:815.3,815.19 1 1
github.com/dpopsuev/parchment/sqlite.go:815.19,817.65 2 1
github.com/dpopsuev/parchment/sqlite.go:817.65,819.5 1 1
github.com/dpopsuev/parchment/sqlite.go:821.3,821.15 1 1
github.com/dpopsuev/parchment/sqlite.go:824.2,824.36 1 1
github.com/dpopsuev/parchment/sqlite.go:824.36,827.16 3 1
github.com/dpopsuev/parchment/sqlite.go:827.16,830.4 2 1
github.com/dpopsuev/parchment/sqlite.go:831.3,832.17 2 1
github.com/dpopsuev/parchment/sqlite.go:832.17,834.4 1 0
github.com/dpopsuev/parchment/sqlite.go:835.3,835.19 1 1
github.com/dpopsuev/parchment/sqlite.go:835.19,837.65 2 1
github.com/dpopsuev/parchment/sqlite.go:837.65,839.5 1 1
github.com/dpopsuev/parchment/sqlite.go:841.3,841.15 1 1
github.com/dpopsuev/parchment/sqlite.go:844.2,844.19 1 1
github.com/dpopsuev/parchment/sqlite.go:847.120,850.2 2 1
github.com/dpopsuev/parchment/sqlite.go:852.157,853.39 1 1
github.com/dpopsuev/parchment/sqlite.go:853.39,855.3 1 0
github.com/dpopsuev/parchment/sqlite.go:856.2,856.17 1 1
github.com/dpopsuev/parchment/sqlite.go:856.17,858.3 1 0
github.com/dpopsuev/parchment/sqlite.go:859.2,862.16 3 1
github.com/dpopsuev/parchment/sqlite.go:862.16,864.3 1 0
github.com/dpopsuev/parchment/sqlite.go:865.2,865.30 1 1
github.com/dpopsuev/parchment/sqlite.go:865.30,866.22 1 1
github.com/dpopsuev/parchment/sqlite.go:866.22,868.4 1 0
github.com/dpopsuev/parchment/sqlite.go:869.3,870.22 2 1
github.com/dpopsuev/parchment/sqlite.go:870.22,872.4 1 1
github.com/dpopsuev/parchment/sqlite.go:873.3,873.92 1 1
github.com/dpopsuev/parchment/sqlite.go:873.92,875.4 1 0
github.com/dpopsuev/parchment/sqlite.go:877.2,877.12 1 1
github.com/dpopsuev/parchment/sqlite.go:880.91,882.16 2 1
github.com/dpopsuev/parchment/sqlite.go:882.16,884.3 1 0
github.com/dpopsuev/parchment/sqlite.go:885.2,886.26 2 1
github.com/dpopsuev/parchment/sqlite.go:886.26,887.49 1 0
github.com/dpopsuev/parchment/sqlite.go:887.49,889.4 1 0
github.com/dpopsuev/parchment/sqlite.go:891.2,891.22 1 1
github.com/dpopsuev/parchment/sqlite.go:894.82,896.16 2 0
github.com/dpopsuev/parchment/sqlite.go:896.16,898.3 1 0
github.com/dpopsuev/parchment/sqlite.go:899.2,903.26 4 0
github.com/dpopsuev/parchment/sqlite.go:903.26,905.3 1 0
github.com/dpopsuev/parchment/sqlite.go:905.8,905.23 1 0
github.com/dpopsuev/parchment/sqlite.go:905.23,907.3 1 0
github.com/dpopsuev/parchment/sqlite.go:909.2,914.16 3 0
github.com/dpopsuev/parchment/sqlite.go:914.16,916.3 1 0
github.com/dpopsuev/parchment/sqlite.go:917.2,917.24 1 0
github.com/dpopsuev/parchment/sqlite.go:920.102,921.11 1 0
github.com/dpopsuev/parchment/sqlite.go:921.11,926.3 2 0
github.com/dpopsuev/parchment/sqlite.go:927.2,931.12 2 0
github.com/dpopsuev/parchment/sqlite.go:936.100,938.2 1 1
github.com/dpopsuev/parchment/sqlite.go:940.79,942.16 2 1
github.com/dpopsuev/parchment/sqlite.go:942.16,944.3 1 0
github.com/dpopsuev/parchment/sqlite.go:945.2,949.26 4 1
github.com/dpopsuev/parchment/sqlite.go:949.26,951.3 1 0
github.com/dpopsuev/parchment/sqlite.go:951.8,951.23 1 1
github.com/dpopsuev/parchment/sqlite.go:951.23,953.3 1 0
github.com/dpopsuev/parchment/sqlite.go:959.2,959.6 1 1
github.com/dpopsuev/parchment/sqlite.go:959.6,963.27 4 1
github.com/dpopsuev/parchment/sqlite.go:963.27,968.18 2 1
github.com/dpopsuev/parchment/sqlite.go:968.18,970.5 1 0
github.com/dpopsuev/parchment/sqlite.go:971.4,971.27 1 1
github.com/dpopsuev/parchment/sqlite.go:973.3,973.17 1 0
github.com/dpopsuev/parchment/sqlite.go:973.17,975.4 1 0
github.com/dpopsuev/parchment/sqlite.go:976.3,976.8 1 0
github.com/dpopsuev/parchment/sqlite.go:980.92,985.26 4 1
github.com/dpopsuev/parchment/sqlite.go:985.26,987.3 1 0
github.com/dpopsuev/parchment/sqlite.go:988.2,988.16 1 1
github.com/dpopsuev/parchment/sqlite.go:988.16,990.3 1 0
github.com/dpopsuev/parchment/sqlite.go:991.2,991.28 1 1
github.com/dpopsuev/parchment/sqlite.go:994.92,996.10 2 1
github.com/dpopsuev/parchment/sqlite.go:996.10,998.3 1 0
github.com/dpopsuev/parchment/sqlite.go:999.2,1003.12 2 1
github.com/dpopsuev/parchment/sqlite.go:1006.85,1008.16 2 0
github.com/dpopsuev/parchment/sqlite.go:1008.16,1010.3 1 0
github.com/dpopsuev/parchment/sqlite.go:1011.2,1014.18 3 0
github.com/dpopsuev/parchment/sqlite.go:1014.18,1016.49 2 0
github.com/dpopsuev/parchment/sqlite.go:1016.49,1018.4 1 0
github.com/dpopsuev/parchment/sqlite.go:1020.2,1020.27 1 0
github.com/dpopsuev/parchment/sqlite.go:1023.96,1028.2 3 0
github.com/dpopsuev/parchment/sqlite.go:1030.91,1034.16 3 0
github.com/dpopsuev/parchment/sqlite.go:1034.16,1036.3 1 0
github.com/dpopsuev/parchment/sqlite.go:1037.2,1037.15 1 0
github.com/dpopsuev/parchment/sqlite.go:1037.15,1039.3 1 0
github.com/dpopsuev/parchment/sqlite.go:1040.2,1040.37 1 0
github.com/dpopsuev/parchment/sqlite.go:1043.90,1046.16 2 0
github.com/dpopsuev/parchment/sqlite.go:1046.16,1048.3 1 0
github.com/dpopsuev/parchment/sqlite.go:1049.2,1051.18 3 0
github.com/dpopsuev/parchment/sqlite.go:1051.18,1053.43 2 0
github.com/dpopsuev/parchment/sqlite.go:1053.43,1055.4 1 0
github.com/dpopsuev/parchment/sqlite.go:1057.2,1057.27 1 0
github.com/dpopsuev/parchment/sqlite.go:1067.79,1069.16 2 0
github.com/dpopsuev/parchment/sqlite.go:1069.16,1071.3 1 0
github.com/dpopsuev/parchment/sqlite.go:1072.2,1074.18 3 0
github.com/dpopsuev/parchment/sqlite.go:1074.18,1076.55 2 0
github.com/dpopsuev/parchment/sqlite.go:1076.55,1077.12 1 0
github.com/dpopsuev/parchment/sqlite.go:1079.3,1080.16 2 0
github.com/dpopsuev/parchment/sqlite.go:1080.16,1082.4 1 0
github.com/dpopsuev/parchment/sqlite.go:1083.3,1083.32 1 0
github.com/dpopsuev/parchment/sqlite.go:1085.2,1085.27 1 0
github.com/dpopsuev/parchment/sqlite.go:1094.52,1096.2 1 1
github.com/dpopsuev/parchment/sqlite.go:1098.58,1100.2 1 1
github.com/dpopsuev/parchment/sqlite.go:1106.47,1118.16 5 1
github.com/dpopsuev/parchment/sqlite.go:1118.16,1120.3 1 1
github.com/dpopsuev/parchment/sqlite.go:1122.2,1136.4 1 1
github.com/dpopsuev/parchment/sqlite.go:1136.4,1137.69 1 1
github.com/dpopsuev/parchment/sqlite.go:1137.69,1139.4 1 0
github.com/dpopsuev/parchment/sqlite.go:1141.2,1149.4 1 1
github.com/dpopsuev/parchment/sqlite.go:1149.4,1150.67 1 1
github.com/dpopsuev/parchment/sqlite.go:1150.67,1152.4 1 0
github.com/dpopsuev/parchment/sqlite.go:1152.9,1154.4 1 1
github.com/dpopsuev/parchment/sqlite.go:1157.2,1157.18 1 1
github.com/dpopsuev/parchment/sqlite.go:1160.78,1163.2 2 0
github.com/dpopsuev/parchment/sqlite.go:1165.75,1168.2 2 1
github.com/dpopsuev/parchment/sqlite.go:1170.44,1172.29 2 1
github.com/dpopsuev/parchment/sqlite.go:1172.29,1174.3 1 1
github.com/dpopsuev/parchment/sqlite.go:1175.2,1175.10 1 1
github.com/dpopsuev/parchment/sqlite.go:1179.83,1181.16 2 1
github.com/dpopsuev/parchment/sqlite.go:1181.16,1183.3 1 1
github.com/dpopsuev/parchment/sqlite.go:1184.2,1184.29 1 1
github.com/dpopsuev/parchment/sqlite.go:1184.29,1185.22 1 1
github.com/dpopsuev/parchment/sqlite.go:1185.22,1186.78 1 0
github.com/dpopsuev/parchment/sqlite.go:1186.78,1188.5 1 0
github.com/dpopsuev/parchment/sqlite.go:1190.3,1190.23 1 1
github.com/dpopsuev/parchment/sqlite.go:1190.23,1191.76 1 1
github.com/dpopsuev/parchment/sqlite.go:1191.76,1193.5 1 0
github.com/dpopsuev/parchment/sqlite.go:1197.2,1198.16 2 1
github.com/dpopsuev/parchment/sqlite.go:1198.16,1200.3 1 1
github.com/dpopsuev/parchment/sqlite.go:1201.2,1202.25 2 1
github.com/dpopsuev/parchment/sqlite.go:1202.25,1203.18 1 1
github.com/dpopsuev/parchment/sqlite.go:1203.18,1204.71 1 0
github.com/dpopsuev/parchment/sqlite.go:1204.71,1206.5 1 0
github.com/dpopsuev/parchment/sqlite.go:1209.2,1209.25 1 1
github.com/dpopsuev/parchment/sqlite.go:1209.25,1210.18 1 1
github.com/dpopsuev/parchment/sqlite.go:1210.18,1211.68 1 1
github.com/dpopsuev/parchment/sqlite.go:1211.68,1213.5 1 0
github.com/dpopsuev/parchment/sqlite.go:1217.2,1218.16 2 1
github.com/dpopsuev/parchment/sqlite.go:1218.16,1219.35 1 1
github.com/dpopsuev/parchment/sqlite.go:1219.35,1221.4 1 0
github.com/dpopsuev/parchment/sqlite.go:1223.2,1224.34 2 1
github.com/dpopsuev/parchment/sqlite.go:1224.34,1226.3 1 1
github.com/dpopsuev/parchment/sqlite.go:1227.2,1227.36 1 1
github.com/dpopsuev/parchment/sqlite.go:1227.36,1229.26 2 0
github.com/dpopsuev/parchment/sqlite.go:1229.26,1230.36 1 0
github.com/dpopsuev/parchment/sqlite.go:1230.36,1231.64 1 0
github.com/dpopsuev/parchment/sqlite.go:1231.64,1233.6 1 0
github.com/dpopsuev/parchment/sqlite.go:1237.2,1237.36 1 1
github.com/dpopsuev/parchment/sqlite.go:1237.36,1239.26 2 1
github.com/dpopsuev/parchment/sqlite.go:1239.26,1240.36 1 1
github.com/dpopsuev/parchment/sqlite.go:1240.36,1241.61 1 1
github.com/dpopsuev/parchment/sqlite.go:1241.61,1243.6 1 0
github.com/dpopsuev/parchment/sqlite.go:1247.2,1247.12 1 1
github.com/dpopsuev/parchment/stash.go:31.62,32.14 1 1
github.com/dpopsuev/parchment/stash.go:32.14,34.3 1 1
github.com/dpopsuev/parchment/stash.go:35.2,35.16 1 1
github.com/dpopsuev/parchment/stash.go:35.16,37.3 1 1
github.com/dpopsuev/parchment/stash.go:38.2,42.3 1 1
github.com/dpopsuev/parchment/stash.go:46.58,53.31 4 1
github.com/dpopsuev/parchment/stash.go:53.31,55.3 1 0
github.com/dpopsuev/parchment/stash.go:57.2,64.16 5 1
github.com/dpopsuev/parchment/stash.go:68.63,73.9 4 1
github.com/dpopsuev/parchment/stash.go:73.9,75.3 1 0
github.com/dpopsuev/parchment/stash.go:76.2,76.41 1 1
github.com/dpopsuev/parchment/stash.go:76.41,79.3 2 0
github.com/dpopsuev/parchment/stash.go:80.2,80.19 1 1
github.com/dpopsuev/parchment/stash.go:84.40,88.2 3 1
github.com/dpopsuev/parchment/stash.go:91.32,95.2 3 0
github.com/dpopsuev/parchment/stash.go:98.37,100.35 2 1
github.com/dpopsuev/parchment/stash.go:100.35,101.39 1 0
github.com/dpopsuev/parchment/stash.go:101.39,103.4 1 0
github.com/dpopsuev/parchment/stash.go:109.66,110.23 1 1
github.com/dpopsuev/parchment/stash.go:110.23,112.3 1 0
github.com/dpopsuev/parchment/stash.go:113.2,113.22 1 1
github.com/dpopsuev/parchment/stash.go:113.22,115.3 1 0
github.com/dpopsuev/parchment/stash.go:116.2,116.23 1 1
github.com/dpopsuev/parchment/stash.go:116.23,118.3 1 0
github.com/dpopsuev/parchment/stash.go:119.2,119.26 1 1
github.com/dpopsuev/parchment/stash.go:119.26,121.3 1 0
github.com/dpopsuev/parchment/stash.go:122.2,122.24 1 1
github.com/dpopsuev/parchment/stash.go:122.24,124.3 1 0
github.com/dpopsuev/parchment/stash.go:125.2,125.24 1 1
github.com/dpopsuev/parchment/stash.go:125.24,127.3 1 0
github.com/dpopsuev/parchment/stash.go:128.2,128.22 1 1
github.com/dpopsuev/parchment/stash.go:128.22,130.3 1 0
github.com/dpopsuev/parchment/stash.go:131.2,131.27 1 1
github.com/dpopsuev/parchment/stash.go:131.27,133.3 1 0
github.com/dpopsuev/parchment/stash.go:134.2,134.30 1 1
github.com/dpopsuev/parchment/stash.go:134.30,136.3 1 0
github.com/dpopsuev/parchment/stash.go:137.2,137.26 1 1
github.com/dpopsuev/parchment/stash.go:137.26,138.24 1 0
github.com/dpopsuev/parchment/stash.go:138.24,140.4 1 0
github.com/dpopsuev/parchment/stash.go:141.3,141.33 1 0
github.com/dpopsuev/parchment/stash.go:141.33,143.4 1 0
github.com/dpopsuev/parchment/stash.go:147.2,147.29 1 1
github.com/dpopsuev/parchment/stash.go:147.29,149.35 2 0
github.com/dpopsuev/parchment/stash.go:149.35,151.4 1 0
github.com/dpopsuev/parchment/stash.go:152.3,152.36 1 0
github.com/dpopsuev/parchment/stash.go:152.36,153.39 1 0
github.com/dpopsuev/parchment/stash.go:153.39,155.5 1 0
github.com/dpopsuev/parchment/stash.go:155.10,157.5 1 0
github.com/dpopsuev/parchment/stash.go:161.2,161.26 1 1
github.com/dpopsuev/parchment/stash.go:161.26,162.24 1 1
github.com/dpopsuev/parchment/stash.go:162.24,164.4 1 1
github.com/dpopsuev/parchment/stash.go:165.3,165.33 1 1
github.com/dpopsuev/parchment/stash.go:165.33,167.4 1 1
github.com/dpopsuev/parchment/stash.go:170.2,170.13 1 1
github.com/dpopsuev/parchment/wikilink.go:13.45,16.28 3 1
github.com/dpopsuev/parchment/wikilink.go:16.28,18.3 1 1
github.com/dpopsuev/parchment/wikilink.go:19.2,19.12 1 1
github.com/dpopsuev/parchment/wikilink.go:24.44,27.43 3 1
github.com/dpopsuev/parchment/wikilink.go:27.43,28.15 1 1
github.com/dpopsuev/parchment/wikilink.go:28.15,31.4 2 1
github.com/dpopsuev/parchment/wikilink.go:33.2,33.12 1 1
github.com/dpopsuev/parchment/wikilink.go:40.89,42.23 2 1
github.com/dpopsuev/parchment/wikilink.go:42.23,44.3 1 0
github.com/dpopsuev/parchment/wikilink.go:45.2,46.32 2 1
github.com/dpopsuev/parchment/wikilink.go:46.32,48.35 2 1
github.com/dpopsuev/parchment/wikilink.go:48.35,49.12 1 0
github.com/dpopsuev/parchment/wikilink.go:52.3,52.27 1 1
github.com/dpopsuev/parchment/wikilink.go:52.27,54.18 2 1
github.com/dpopsuev/parchment/wikilink.go:54.18,55.13 1 0
github.com/dpopsuev/parchment/wikilink.go:57.4,57.43 1 1
github.com/dpopsuev/parchment/wikilink.go:57.43,59.10 2 1
github.com/dpopsuev/parchment/wikilink.go:63.3,63.36 1 1
github.com/dpopsuev/parchment/wikilink.go:63.36,65.4 1 0
github.com/dpopsuev/parchment/wikilink.go:67.2,67.17 1 1
github.com/dpopsuev/parchment/wikilink.go:73.84,75.16 2 1
github.com/dpopsuev/parchment/wikilink.go:75.16,77.3 1 0
github.com/dpopsuev/parchment/wikilink.go:80.2,82.35 3 1
github.com/dpopsuev/parchment/wikilink.go:82.35,83.47 1 1
github.com/dpopsuev/parchment/wikilink.go:83.47,84.16 1 1
github.com/dpopsuev/parchment/wikilink.go:84.16,87.5 2 1
github.com/dpopsuev/parchment/wikilink.go:90.2,90.22 1 1
github.com/dpopsuev/parchment/wikilink.go:90.22,92.3 1 0
github.com/dpopsuev/parchment/wikilink.go:95.2,96.35 2 1
github.com/dpopsuev/parchment/wikilink.go:96.35,98.3 1 1
github.com/dpopsuev/parchment/wikilink.go:99.2,104.29 4 1
github.com/dpopsuev/parchment/wikilink.go:104.29,106.3 1 1
github.com/dpopsuev/parchment/wikilink.go:108.2,109.36 2 1
github.com/dpopsuev/parchment/wikilink.go:109.36,110.24 1 1
github.com/dpopsuev/parchment/wikilink.go:110.24,112.4 1 1
github.com/dpopsuev/parchment/wikilink.go:114.2,114.24 1 1
github.com/dpopsuev/parchment/wikilink.go:114.24,116.3 1 1
github.com/dpopsuev/parchment/wikilink.go:118.2,119.16 2 1
github.com/dpopsuev/parchment/wikilink.go:119.16,121.3 1 0
github.com/dpopsuev/parchment/wikilink.go:122.2,123.28 2 1
github.com/dpopsuev/parchment/wikilink.go:123.28,124.11 1 1
github.com/dpopsuev/parchment/wikilink.go:124.11,126.4 1 1
github.com/dpopsuev/parchment/wikilink.go:128.2,128.21 1 1
